Using pre-set license
Built from '2020.3/staging' branch; Version is '2020.3.4f1 (0abb6314276a) revision 703331'; Using compiler version '192528614'; Build Type 'Release'
OS: 'Windows 10 Home; OS build 19042.928; Version 2009; 64bit' Language: 'zh' Physical Memory: 32655 MB
BatchMode: 1, IsHumanControllingUs: 0, StartBugReporterOnCrash: 0, Is64bit: 1, IsPro: 0

 COMMAND LINE ARGUMENTS:
C:\Program Files\Unity\Hub\Editor\2020.3.4f1\Editor\Unity.exe
-adb2
-batchMode
-noUpm
-name
AssetImportWorker0
-projectPath
C:/Users/shang/Desktop/0503/WizardFight
-logFile
Logs/AssetImportWorker0.log
-srvPort
7432
Successfully changed project path to: C:/Users/shang/Desktop/0503/WizardFight
C:/Users/shang/Desktop/0503/WizardFight
Using Asset Import Pipeline V2.
Refreshing native plugins compatible for Editor in 104.27 ms, found 0 plugins.
Preloading 0 native plugins for Editor in 0.00 ms.
Initialize engine version: 2020.3.4f1 (0abb6314276a)
[Subsystems] Discovering subsystems at path C:/Program Files/Unity/Hub/Editor/2020.3.4f1/Editor/Data/Resources/UnitySubsystems
[Subsystems] Discovering subsystems at path C:/Users/shang/Desktop/0503/WizardFight/Assets
GfxDevice: creating device client; threaded=0
Direct3D:
    Version:  Direct3D 11.0 [level 11.1]
    Renderer: NVIDIA GeForce RTX 3080 (ID=0x2206)
    Vendor:   
    VRAM:     10077 MB
    Driver:   27.21.14.6133
Initialize mono
Mono path[0] = 'C:/Program Files/Unity/Hub/Editor/2020.3.4f1/Editor/Data/Managed'
Mono path[1] = 'C:/Program Files/Unity/Hub/Editor/2020.3.4f1/Editor/Data/MonoBleedingEdge/lib/mono/unityjit'
Mono config path = 'C:/Program Files/Unity/Hub/Editor/2020.3.4f1/Editor/Data/MonoBleedingEdge/etc'
Using monoOptions --debugger-agent=transport=dt_socket,embedding=1,server=y,suspend=n,address=127.0.0.1:56572
Begin MonoManager ReloadAssembly
Registering precompiled unity dll's ...
Register platform support module: C:/Program Files/Unity/Hub/Editor/2020.3.4f1/Editor/Data/PlaybackEngines/WindowsStandaloneSupport/UnityEditor.WindowsStandalone.Extensions.dll
Registered in 0.004443 seconds.
Native extension for WindowsStandalone target not found
Refreshing native plugins compatible for Editor in 118.34 ms, found 0 plugins.
Preloading 0 native plugins for Editor in 0.00 ms.
Mono: successfully reloaded assembly
- Completed reload, in  1.470 seconds
Platform modules already initialized, skipping
Registering precompiled user dll's ...
Registered in 0.009543 seconds.
Begin MonoManager ReloadAssembly
Native extension for WindowsStandalone target not found
Refreshing native plugins compatible for Editor in 117.63 ms, found 0 plugins.
Preloading 0 native plugins for Editor in 0.00 ms.
Mono: successfully reloaded assembly
- Completed reload, in  1.491 seconds
Platform modules already initialized, skipping
========================================================================
Worker process is ready to serve import requests
Launched and connected shader compiler UnityShaderCompiler.exe after 0.06 seconds
Refreshing native plugins compatible for Editor in 1.10 ms, found 0 plugins.
Preloading 0 native plugins for Editor in 0.00 ms.
Unloading 4763 Unused Serialized files (Serialized files now loaded: 0)
System memory in use before: 234.8 MB.
System memory in use after: 235.0 MB.

Unloading 24 unused Assets to reduce memory usage. Loaded Objects now: 5247.
Total: 3.746200 ms (FindLiveObjects: 1.268700 ms CreateObjectMapping: 0.169800 ms MarkObjects: 2.226300 ms  DeleteObjects: 0.078800 ms)

========================================================================
Received Import Request.
  path: Assets/Animations/ScreenshotsTimeline.playable
  artifactKey: Guid(a68e4ad89ad65c04981239cc0044a707) Importer(815301076,1909f56bfc062723c751e8b465ee728b)
Start importing Assets/Animations/ScreenshotsTimeline.playable using Guid(a68e4ad89ad65c04981239cc0044a707) Importer(815301076,1909f56bfc062723c751e8b465ee728b)  -> (artifact id: '8afc0f48beacceea83f6a3a8492d0fbe') in 0.070328 seconds
  Import took 0.078822 seconds .

========================================================================
Received Import Request.
  Time since last request: 0.001913 seconds.
  path: Assets/Animations/CinematicsTimeline.playable
  artifactKey: Guid(5a54d61bc58f43341aa47f398b54ed14) Importer(815301076,1909f56bfc062723c751e8b465ee728b)
Start importing Assets/Animations/CinematicsTimeline.playable using Guid(5a54d61bc58f43341aa47f398b54ed14) Importer(815301076,1909f56bfc062723c751e8b465ee728b)  -> (artifact id: '5a44de52d9580e58d0aa4a2f71d94aba') in 0.014074 seconds
  Import took 0.021489 seconds .

========================================================================
Received Import Request.
  Time since last request: 3.438303 seconds.
  path: Assets/Settings/HDRPHighQuality.asset
  artifactKey: Guid(36dd385e759c96147b6463dcd1149c11) Importer(815301076,1909f56bfc062723c751e8b465ee728b)
Start importing Assets/Settings/HDRPHighQuality.asset using Guid(36dd385e759c96147b6463dcd1149c11) Importer(815301076,1909f56bfc062723c751e8b465ee728b)  -> (artifact id: '32cccf0189bd32aef92dfe75db87352f') in 0.010059 seconds
  Import took 0.017617 seconds .

========================================================================
Received Import Request.
  Time since last request: 0.002372 seconds.
  path: Assets/Settings/HDRPMediumQuality.asset
  artifactKey: Guid(3e2e6bfc59709614ab90c0cd7d755e48) Importer(815301076,1909f56bfc062723c751e8b465ee728b)
Start importing Assets/Settings/HDRPMediumQuality.asset using Guid(3e2e6bfc59709614ab90c0cd7d755e48) Importer(815301076,1909f56bfc062723c751e8b465ee728b)  -> (artifact id: 'ae1758b40deaf6e48fa30b60bba52627') in 0.005809 seconds
  Import took 0.013098 seconds .

========================================================================
Received Import Request.
  Time since last request: 0.001868 seconds.
  path: Assets/Settings/PlayerControllerFPS.prefab
  artifactKey: Guid(573ac53c334415945bf239de2c2f0511) Importer(815301076,1909f56bfc062723c751e8b465ee728b)
Start importing Assets/Settings/PlayerControllerFPS.prefab using Guid(573ac53c334415945bf239de2c2f0511) Importer(815301076,1909f56bfc062723c751e8b465ee728b)  -> (artifact id: '5b6df38e87f754bf05bf450e96c43d52') in 0.023205 seconds
  Import took 0.030416 seconds .

========================================================================
Received Import Request.
  Time since last request: 0.001757 seconds.
  path: Assets/Settings/HDRPLowQuality.asset
  artifactKey: Guid(168a2336534e4e043b2a210b6f8d379a) Importer(815301076,1909f56bfc062723c751e8b465ee728b)
Start importing Assets/Settings/HDRPLowQuality.asset using Guid(168a2336534e4e043b2a210b6f8d379a) Importer(815301076,1909f56bfc062723c751e8b465ee728b)  -> (artifact id: '14c899fa5028531d9ad66518ccaf8865') in 0.006528 seconds
  Import took 0.012490 seconds .

========================================================================
Received Import Request.
  Time since last request: 0.009044 seconds.
  path: Assets/Settings/PlayerControllerFPS.prefab
  artifactKey: Guid(573ac53c334415945bf239de2c2f0511) Importer(815301076,1909f56bfc062723c751e8b465ee728b)
Start importing Assets/Settings/PlayerControllerFPS.prefab using Guid(573ac53c334415945bf239de2c2f0511) Importer(815301076,1909f56bfc062723c751e8b465ee728b)  -> (artifact id: '5b6df38e87f754bf05bf450e96c43d52') in 0.006402 seconds
  Import took 0.013365 seconds .

========================================================================
Received Import Request.
  Time since last request: 20.574499 seconds.
  path: Assets/_Art/test.png
  artifactKey: Guid(4cdba7b1275a23242a3df181bd851c3d) Importer(815301076,1909f56bfc062723c751e8b465ee728b)
Start importing Assets/_Art/test.png using Guid(4cdba7b1275a23242a3df181bd851c3d) Importer(815301076,1909f56bfc062723c751e8b465ee728b)  -> (artifact id: '017ef2532a3b9df426c80a3319491653') in 0.083241 seconds
  Import took 0.090987 seconds .

========================================================================
Received Import Request.
  Time since last request: 3.000852 seconds.
  path: Assets/BundleResources/Scene/Chapter03_Buggy01.unity
  artifactKey: Guid(21dc0b1225f506246bf077af76c01b69) Importer(815301076,1909f56bfc062723c751e8b465ee728b)
Start importing Assets/BundleResources/Scene/Chapter03_Buggy01.unity using Guid(21dc0b1225f506246bf077af76c01b69) Importer(815301076,1909f56bfc062723c751e8b465ee728b)  -> (artifact id: '656f74ff9428afa04a1ad94fafad8e6a') in 0.005357 seconds
  Import took 0.012925 seconds .

========================================================================
Received Import Request.
  Time since last request: 0.002412 seconds.
  path: Assets/BundleResources/Scene/Chapter03_Buggy01.unity
  artifactKey: Guid(21dc0b1225f506246bf077af76c01b69) Importer(815301076,1909f56bfc062723c751e8b465ee728b)
Start importing Assets/BundleResources/Scene/Chapter03_Buggy01.unity using Guid(21dc0b1225f506246bf077af76c01b69) Importer(815301076,1909f56bfc062723c751e8b465ee728b)  -> (artifact id: '656f74ff9428afa04a1ad94fafad8e6a') in 0.004675 seconds
  Import took 0.011789 seconds .

========================================================================
Received Prepare
Registering precompiled user dll's ...
Registered in 0.016711 seconds.
Begin MonoManager ReloadAssembly
Native extension for WindowsStandalone target not found
Refreshing native plugins compatible for Editor in 1.05 ms, found 0 plugins.
Preloading 0 native plugins for Editor in 0.00 ms.
Mono: successfully reloaded assembly
- Completed reload, in  1.146 seconds
Platform modules already initialized, skipping
Refreshing native plugins compatible for Editor in 1.10 ms, found 0 plugins.
Preloading 0 native plugins for Editor in 0.00 ms.
Unloading 4403 Unused Serialized files (Serialized files now loaded: 0)
System memory in use before: 214.4 MB.
System memory in use after: 214.6 MB.

Unloading 19 unused Assets to reduce memory usage. Loaded Objects now: 5258.
Total: 4.153100 ms (FindLiveObjects: 0.800900 ms CreateObjectMapping: 0.153900 ms MarkObjects: 2.877100 ms  DeleteObjects: 0.319800 ms)

AssetImportWorkerClient::OnTransportError - code=2 error=End of file
