Using pre-set license
Built from '2020.3/staging' branch; Version is '2020.3.4f1 (0abb6314276a) revision 703331'; Using compiler version '192528614'; Build Type 'Release'
OS: 'Windows 10 Home; OS build 19042.928; Version 2009; 64bit' Language: 'zh' Physical Memory: 32655 MB
BatchMode: 1, IsHumanControllingUs: 0, StartBugReporterOnCrash: 0, Is64bit: 1, IsPro: 0

 COMMAND LINE ARGUMENTS:
C:\Program Files\Unity\Hub\Editor\2020.3.4f1\Editor\Unity.exe
-adb2
-batchMode
-noUpm
-name
AssetImportWorker0
-projectPath
C:/Users/shang/Desktop/4282/WizardFight
-logFile
Logs/AssetImportWorker0.log
-srvPort
5819
Successfully changed project path to: C:/Users/shang/Desktop/4282/WizardFight
C:/Users/shang/Desktop/4282/WizardFight
Using Asset Import Pipeline V2.
Refreshing native plugins compatible for Editor in 122.87 ms, found 0 plugins.
Preloading 0 native plugins for Editor in 0.00 ms.
Initialize engine version: 2020.3.4f1 (0abb6314276a)
[Subsystems] Discovering subsystems at path C:/Program Files/Unity/Hub/Editor/2020.3.4f1/Editor/Data/Resources/UnitySubsystems
[Subsystems] Discovering subsystems at path C:/Users/shang/Desktop/4282/WizardFight/Assets
GfxDevice: creating device client; threaded=0
Direct3D:
    Version:  Direct3D 11.0 [level 11.1]
    Renderer: NVIDIA GeForce RTX 3080 (ID=0x2206)
    Vendor:   
    VRAM:     10077 MB
    Driver:   27.21.14.6133
Initialize mono
Mono path[0] = 'C:/Program Files/Unity/Hub/Editor/2020.3.4f1/Editor/Data/Managed'
Mono path[1] = 'C:/Program Files/Unity/Hub/Editor/2020.3.4f1/Editor/Data/MonoBleedingEdge/lib/mono/unityjit'
Mono config path = 'C:/Program Files/Unity/Hub/Editor/2020.3.4f1/Editor/Data/MonoBleedingEdge/etc'
Using monoOptions --debugger-agent=transport=dt_socket,embedding=1,server=y,suspend=n,address=127.0.0.1:56144
Begin MonoManager ReloadAssembly
Registering precompiled unity dll's ...
Register platform support module: C:/Program Files/Unity/Hub/Editor/2020.3.4f1/Editor/Data/PlaybackEngines/WindowsStandaloneSupport/UnityEditor.WindowsStandalone.Extensions.dll
Registered in 0.004684 seconds.
Native extension for WindowsStandalone target not found
Refreshing native plugins compatible for Editor in 112.16 ms, found 0 plugins.
Preloading 0 native plugins for Editor in 0.00 ms.
Mono: successfully reloaded assembly
- Completed reload, in  1.523 seconds
Platform modules already initialized, skipping
Registering precompiled user dll's ...
Registered in 0.007477 seconds.
Begin MonoManager ReloadAssembly
Native extension for WindowsStandalone target not found
Refreshing native plugins compatible for Editor in 113.81 ms, found 0 plugins.
Preloading 0 native plugins for Editor in 0.00 ms.
Mono: successfully reloaded assembly
- Completed reload, in  1.517 seconds
Platform modules already initialized, skipping
========================================================================
Worker process is ready to serve import requests
Launched and connected shader compiler UnityShaderCompiler.exe after 0.07 seconds
Refreshing native plugins compatible for Editor in 1.14 ms, found 0 plugins.
Preloading 0 native plugins for Editor in 0.00 ms.
Unloading 4539 Unused Serialized files (Serialized files now loaded: 0)
System memory in use before: 226.3 MB.
System memory in use after: 226.5 MB.

Unloading 18 unused Assets to reduce memory usage. Loaded Objects now: 5028.
Total: 3.247400 ms (FindLiveObjects: 0.575400 ms CreateObjectMapping: 0.114800 ms MarkObjects: 2.466900 ms  DeleteObjects: 0.089200 ms)

========================================================================
Received Import Request.
  path: Assets/Readme.asset
  artifactKey: Guid(83c2ed844a8c74b779a4c823d16594b1) Importer(815301076,1909f56bfc062723c751e8b465ee728b)
Start importing Assets/Readme.asset using Guid(83c2ed844a8c74b779a4c823d16594b1) Importer(815301076,1909f56bfc062723c751e8b465ee728b)  -> (artifact id: '98b1300ff7914e060561930ee06678cd') in 0.118431 seconds
  Import took 0.137635 seconds .

========================================================================
Received Import Request.
  Time since last request: 0.005769 seconds.
  path: Assets/VFXDefaultResources.asset
  artifactKey: Guid(145290c901d58b343bdeb3b4362c9ff2) Importer(815301076,1909f56bfc062723c751e8b465ee728b)
Start importing Assets/VFXDefaultResources.asset using Guid(145290c901d58b343bdeb3b4362c9ff2) Importer(815301076,1909f56bfc062723c751e8b465ee728b)  -> (artifact id: 'e7d83ec238be7fc84c72e856f67243a7') in 0.077597 seconds
  Import took 0.085152 seconds .

========================================================================
Received Import Request.
  Time since last request: 0.005135 seconds.
  path: Assets/Tree1.prefab
  artifactKey: Guid(47ecf8c377e8882459d5b9615a0e985a) Importer(815301076,1909f56bfc062723c751e8b465ee728b)
Start importing Assets/Tree1.prefab using Guid(47ecf8c377e8882459d5b9615a0e985a) Importer(815301076,1909f56bfc062723c751e8b465ee728b) Launched and connected shader compiler UnityShaderCompiler.exe after 0.06 seconds
Launched and connected shader compiler UnityShaderCompiler.exe after 0.07 seconds
Launched and connected shader compiler UnityShaderCompiler.exe after 0.07 seconds
Launched and connected shader compiler UnityShaderCompiler.exe after 0.09 seconds
Launched and connected shader compiler UnityShaderCompiler.exe after 0.14 seconds
Launched and connected shader compiler UnityShaderCompiler.exe after 0.15 seconds
Launched and connected shader compiler UnityShaderCompiler.exe after 0.45 seconds
Launched and connected shader compiler UnityShaderCompiler.exe after 0.15 seconds
Launched and connected shader compiler UnityShaderCompiler.exe after 0.13 seconds
Launched and connected shader compiler UnityShaderCompiler.exe after 0.13 seconds
Launched and connected shader compiler UnityShaderCompiler.exe after 0.21 seconds
Launched and connected shader compiler UnityShaderCompiler.exe after 0.24 seconds
Launched and connected shader compiler UnityShaderCompiler.exe after 0.20 seconds
Launched and connected shader compiler UnityShaderCompiler.exe after 0.14 seconds
Launched and connected shader compiler UnityShaderCompiler.exe after 0.17 seconds
 -> (artifact id: 'a8ddc6a3e0686e08ab88db448a954cd7') in 4.868347 seconds
  Import took 4.885324 seconds .

========================================================================
Received Import Request.
  Time since last request: 0.009598 seconds.
  path: Assets/Tree2.prefab
  artifactKey: Guid(b6bcc4622b93cfb4da67ba390ac0b5c6) Importer(815301076,1909f56bfc062723c751e8b465ee728b)
Start importing Assets/Tree2.prefab using Guid(b6bcc4622b93cfb4da67ba390ac0b5c6) Importer(815301076,1909f56bfc062723c751e8b465ee728b)  -> (artifact id: '582655db7ba3d5862d502e5bfc420639') in 0.113804 seconds
  Import took 0.130958 seconds .

========================================================================
Received Import Request.
  Time since last request: 0.008019 seconds.
  path: Assets/Sphere design.FBX
  artifactKey: Guid(43a92fee0708c2645823fae61292c1d6) Importer(815301076,1909f56bfc062723c751e8b465ee728b)
Start importing Assets/Sphere design.FBX using Guid(43a92fee0708c2645823fae61292c1d6) Importer(815301076,1909f56bfc062723c751e8b465ee728b)  -> (artifact id: 'fbda4ec221e0ffadcfc8217f81820b07') in 0.664053 seconds
  Import took 0.683251 seconds .

========================================================================
Received Prepare
Registering precompiled user dll's ...
Registered in 0.011564 seconds.
Begin MonoManager ReloadAssembly
Native extension for WindowsStandalone target not found
Refreshing native plugins compatible for Editor in 2.88 ms, found 0 plugins.
Preloading 0 native plugins for Editor in 0.00 ms.
Mono: successfully reloaded assembly
- Completed reload, in  2.994 seconds
Platform modules already initialized, skipping
Refreshing native plugins compatible for Editor in 3.70 ms, found 0 plugins.
Preloading 0 native plugins for Editor in 0.00 ms.
Unloading 4191 Unused Serialized files (Serialized files now loaded: 0)
System memory in use before: 216.9 MB.
System memory in use after: 217.2 MB.

Unloading 13 unused Assets to reduce memory usage. Loaded Objects now: 5251.
Total: 16.591400 ms (FindLiveObjects: 2.469200 ms CreateObjectMapping: 0.872800 ms MarkObjects: 13.164000 ms  DeleteObjects: 0.083100 ms)

========================================================================
Received Import Request.
  Time since last request: 110.356374 seconds.
  path: Assets/Scripts
  artifactKey: Guid(4719b0884aa2ce045bd0bc265ca981a3) Importer(815301076,1909f56bfc062723c751e8b465ee728b)
Start importing Assets/Scripts using Guid(4719b0884aa2ce045bd0bc265ca981a3) Importer(815301076,1909f56bfc062723c751e8b465ee728b)  -> (artifact id: '726148788683bee9e5800faa9bd8f609') in 0.024141 seconds
  Import took 0.040140 seconds .

========================================================================
Received Import Request.
  Time since last request: 5.952561 seconds.
  path: Assets/Scripts/NetworkScripts
  artifactKey: Guid(48a015846409ae94c965f0be6a872e26) Importer(815301076,1909f56bfc062723c751e8b465ee728b)
Start importing Assets/Scripts/NetworkScripts using Guid(48a015846409ae94c965f0be6a872e26) Importer(815301076,1909f56bfc062723c751e8b465ee728b)  -> (artifact id: '021000abc9693cea1b0a31e45c7944d1') in 0.028107 seconds
  Import took 0.059205 seconds .

========================================================================
Received Import Request.
  Time since last request: 37.261809 seconds.
  path: Assets/BundleResources/Scene
  artifactKey: Guid(66ab736ff0146b046b14122ff6da8bec) Importer(815301076,1909f56bfc062723c751e8b465ee728b)
Start importing Assets/BundleResources/Scene using Guid(66ab736ff0146b046b14122ff6da8bec) Importer(815301076,1909f56bfc062723c751e8b465ee728b)  -> (artifact id: '2b333a357b72054643c870cd9776b514') in 0.011752 seconds
  Import took 0.026914 seconds .

========================================================================
Received Import Request.
  Time since last request: 0.006623 seconds.
  path: Assets/BundleResources/Scene
  artifactKey: Guid(66ab736ff0146b046b14122ff6da8bec) Importer(815301076,1909f56bfc062723c751e8b465ee728b)
Start importing Assets/BundleResources/Scene using Guid(66ab736ff0146b046b14122ff6da8bec) Importer(815301076,1909f56bfc062723c751e8b465ee728b)  -> (artifact id: '2b333a357b72054643c870cd9776b514') in 0.011282 seconds
  Import took 0.025777 seconds .

========================================================================
Received Import Request.
  Time since last request: 6.961457 seconds.
  path: Assets/BundleResources/Scene/Begin.unity
  artifactKey: Guid(408112a47b2579f46b2c20cc02a93c64) Importer(815301076,1909f56bfc062723c751e8b465ee728b)
Start importing Assets/BundleResources/Scene/Begin.unity using Guid(408112a47b2579f46b2c20cc02a93c64) Importer(815301076,1909f56bfc062723c751e8b465ee728b)  -> (artifact id: '8341734b4139f88e353b97f32a9a37b3') in 0.021145 seconds
  Import took 0.034488 seconds .

========================================================================
Received Import Request.
  Time since last request: 0.006834 seconds.
  path: Assets/BundleResources/Scene/Begin.unity
  artifactKey: Guid(408112a47b2579f46b2c20cc02a93c64) Importer(815301076,1909f56bfc062723c751e8b465ee728b)
Start importing Assets/BundleResources/Scene/Begin.unity using Guid(408112a47b2579f46b2c20cc02a93c64) Importer(815301076,1909f56bfc062723c751e8b465ee728b)  -> (artifact id: '8341734b4139f88e353b97f32a9a37b3') in 0.010879 seconds
  Import took 0.027252 seconds .

========================================================================
Received Import Request.
  Time since last request: 27.574534 seconds.
  path: Assets/Preset/Boundary.prefab
  artifactKey: Guid(e23793ac6135f4a48b9f5b8ec1bcf050) Importer(815301076,1909f56bfc062723c751e8b465ee728b)
Start importing Assets/Preset/Boundary.prefab using Guid(e23793ac6135f4a48b9f5b8ec1bcf050) Importer(815301076,1909f56bfc062723c751e8b465ee728b)  -> (artifact id: '20219e364739b64f7164916ee57863c7') in 1.186162 seconds
  Import took 1.208622 seconds .

========================================================================
Received Import Request.
  Time since last request: 0.007541 seconds.
  path: Assets/Preset/FireBall.prefab
  artifactKey: Guid(647be649abc1f86418f74f3877b9ceab) Importer(815301076,1909f56bfc062723c751e8b465ee728b)
Start importing Assets/Preset/FireBall.prefab using Guid(647be649abc1f86418f74f3877b9ceab) Importer(815301076,1909f56bfc062723c751e8b465ee728b)  -> (artifact id: '55f60132dd4e842d82e47a6b894c3b23') in 0.106977 seconds
  Import took 0.125001 seconds .

========================================================================
Received Import Request.
  Time since last request: 0.007555 seconds.
  path: Assets/Preset/FallingFloor.prefab
  artifactKey: Guid(ead01015a0f68cf4da6c089569e1c013) Importer(815301076,1909f56bfc062723c751e8b465ee728b)
Start importing Assets/Preset/FallingFloor.prefab using Guid(ead01015a0f68cf4da6c089569e1c013) Importer(815301076,1909f56bfc062723c751e8b465ee728b)  -> (artifact id: '638b130d8188b2f17092bf40ba393936') in 0.598403 seconds
  Import took 0.614171 seconds .

========================================================================
Received Import Request.
  Time since last request: 0.006258 seconds.
  path: Assets/Preset/Wizard.prefab
  artifactKey: Guid(0b1b92a2e3d80544eb96441b2d988bb8) Importer(815301076,1909f56bfc062723c751e8b465ee728b)
Start importing Assets/Preset/Wizard.prefab using Guid(0b1b92a2e3d80544eb96441b2d988bb8) Importer(815301076,1909f56bfc062723c751e8b465ee728b)  -> (artifact id: 'bcc4640195c21bffeca4ce6319d91f8a') in 0.113639 seconds
  Import took 0.128997 seconds .

========================================================================
Received Import Request.
  Time since last request: 9.778999 seconds.
  path: Assets/Scripts/NetworkScripts/Launcher.cs
  artifactKey: Guid(e26fe098ceb5f984aaf0e8f75d3a7a40) Importer(815301076,1909f56bfc062723c751e8b465ee728b)
Start importing Assets/Scripts/NetworkScripts/Launcher.cs using Guid(e26fe098ceb5f984aaf0e8f75d3a7a40) Importer(815301076,1909f56bfc062723c751e8b465ee728b)  -> (artifact id: '3314ef3586ce3df682d503c7416f5c5f') in 0.016396 seconds
  Import took 0.029522 seconds .

========================================================================
Received Prepare
Registering precompiled user dll's ...
Registered in 0.012224 seconds.
Begin MonoManager ReloadAssembly
Native extension for WindowsStandalone target not found
Refreshing native plugins compatible for Editor in 3.52 ms, found 0 plugins.
Preloading 0 native plugins for Editor in 0.00 ms.
Mono: successfully reloaded assembly
- Completed reload, in  3.012 seconds
Platform modules already initialized, skipping
Refreshing native plugins compatible for Editor in 2.63 ms, found 0 plugins.
Preloading 0 native plugins for Editor in 0.00 ms.
Unloading 4180 Unused Serialized files (Serialized files now loaded: 0)
System memory in use before: 217.0 MB.
System memory in use after: 217.3 MB.

Unloading 13 unused Assets to reduce memory usage. Loaded Objects now: 5441.
Total: 31.909200 ms (FindLiveObjects: 1.785500 ms CreateObjectMapping: 0.406200 ms MarkObjects: 29.596000 ms  DeleteObjects: 0.117100 ms)

========================================================================
Received Prepare
Registering precompiled user dll's ...
Registered in 0.009842 seconds.
Begin MonoManager ReloadAssembly
Native extension for WindowsStandalone target not found
Refreshing native plugins compatible for Editor in 1.12 ms, found 0 plugins.
Preloading 0 native plugins for Editor in 0.00 ms.
Mono: successfully reloaded assembly
- Completed reload, in  1.305 seconds
Platform modules already initialized, skipping
Refreshing native plugins compatible for Editor in 1.10 ms, found 0 plugins.
Preloading 0 native plugins for Editor in 0.00 ms.
Unloading 4402 Unused Serialized files (Serialized files now loaded: 0)
System memory in use before: 223.9 MB.
System memory in use after: 224.3 MB.

Unloading 19 unused Assets to reduce memory usage. Loaded Objects now: 5662.
Total: 3.761600 ms (FindLiveObjects: 0.595600 ms CreateObjectMapping: 0.133000 ms MarkObjects: 2.958100 ms  DeleteObjects: 0.073200 ms)

========================================================================
Received Import Request.
  Time since last request: 211.209752 seconds.
  path: Assets/Photon/PhotonUnityNetworking/Resources/PhotonServerSettings.asset
  artifactKey: Guid(52b609ebfa617c14685b01d58d7eee9d) Importer(815301076,1909f56bfc062723c751e8b465ee728b)
Start importing Assets/Photon/PhotonUnityNetworking/Resources/PhotonServerSettings.asset using Guid(52b609ebfa617c14685b01d58d7eee9d) Importer(815301076,1909f56bfc062723c751e8b465ee728b)  -> (artifact id: '3dc437ecf926bc1811c9873aad985fd4') in 0.035517 seconds
  Import took 0.044588 seconds .

========================================================================
Received Import Request.
  Time since last request: 0.005091 seconds.
  path: Assets/Photon/PhotonUnityNetworking/Resources/PhotonServerSettings.asset
  artifactKey: Guid(52b609ebfa617c14685b01d58d7eee9d) Importer(815301076,1909f56bfc062723c751e8b465ee728b)
Start importing Assets/Photon/PhotonUnityNetworking/Resources/PhotonServerSettings.asset using Guid(52b609ebfa617c14685b01d58d7eee9d) Importer(815301076,1909f56bfc062723c751e8b465ee728b)  -> (artifact id: '3dc437ecf926bc1811c9873aad985fd4') in 0.005234 seconds
  Import took 0.013053 seconds .

========================================================================
Received Import Request.
  Time since last request: 18.411962 seconds.
  path: Assets/BundleResources/Scene/Chapter03_Buggy01/ReflectionProbe-0.exr
  artifactKey: Guid(2986e7a5651b08f4db4b9fc3dfb329aa) Importer(815301076,1909f56bfc062723c751e8b465ee728b)
Start importing Assets/BundleResources/Scene/Chapter03_Buggy01/ReflectionProbe-0.exr using Guid(2986e7a5651b08f4db4b9fc3dfb329aa) Importer(815301076,1909f56bfc062723c751e8b465ee728b)  -> (artifact id: '0c93eb8f46cb74f2d29099b19c73c84b') in 0.070623 seconds
  Import took 0.078351 seconds .

========================================================================
Received Import Request.
  Time since last request: 0.002512 seconds.
  path: Assets/BundleResources/Scene/Chapter03_Buggy01/volume Profile.asset
  artifactKey: Guid(ef2345d8fd9835f4dbbfd70e6e3c8068) Importer(815301076,1909f56bfc062723c751e8b465ee728b)
Start importing Assets/BundleResources/Scene/Chapter03_Buggy01/volume Profile.asset using Guid(ef2345d8fd9835f4dbbfd70e6e3c8068) Importer(815301076,1909f56bfc062723c751e8b465ee728b)  -> (artifact id: 'd115c37f6d887fe3157faa70b0cb7569') in 0.006534 seconds
  Import took 0.015791 seconds .

========================================================================
Received Import Request.
  Time since last request: 6.089383 seconds.
  path: Assets/BundleResources/Scene/Chapter03_Oringer01_Buggy/Global Volume Buggy.asset
  artifactKey: Guid(2496fd837f1768c479ef3ac991850aa6) Importer(815301076,1909f56bfc062723c751e8b465ee728b)
Start importing Assets/BundleResources/Scene/Chapter03_Oringer01_Buggy/Global Volume Buggy.asset using Guid(2496fd837f1768c479ef3ac991850aa6) Importer(815301076,1909f56bfc062723c751e8b465ee728b)  -> (artifact id: '07923ac3940365e6c18661671acf4e96') in 0.009051 seconds
  Import took 0.017226 seconds .

========================================================================
Received Import Request.
  Time since last request: 7.760749 seconds.
  path: Assets/BundleResources/Scene/Chapter03_Buggy01.unity
  artifactKey: Guid(21dc0b1225f506246bf077af76c01b69) Importer(815301076,1909f56bfc062723c751e8b465ee728b)
Start importing Assets/BundleResources/Scene/Chapter03_Buggy01.unity using Guid(21dc0b1225f506246bf077af76c01b69) Importer(815301076,1909f56bfc062723c751e8b465ee728b)  -> (artifact id: 'b2a4a70cb78781f655e0c1ddb5879817') in 0.005630 seconds
  Import took 0.013204 seconds .

========================================================================
Received Import Request.
  Time since last request: 31.806428 seconds.
  path: Assets/Preset
  artifactKey: Guid(d80e6a7d84c9a454c80ed6cfaccb42cf) Importer(815301076,1909f56bfc062723c751e8b465ee728b)
Start importing Assets/Preset using Guid(d80e6a7d84c9a454c80ed6cfaccb42cf) Importer(815301076,1909f56bfc062723c751e8b465ee728b)  -> (artifact id: 'c4b71e756830d4031896fa0ac192c458') in 0.005980 seconds
  Import took 0.013593 seconds .

========================================================================
Received Import Request.
  Time since last request: 4.060349 seconds.
  path: Assets/Preset/Resources
  artifactKey: Guid(5b3d492e943582e4e84b35ff8e6d7437) Importer(815301076,1909f56bfc062723c751e8b465ee728b)
Start importing Assets/Preset/Resources using Guid(5b3d492e943582e4e84b35ff8e6d7437) Importer(815301076,1909f56bfc062723c751e8b465ee728b)  -> (artifact id: 'd78ba64fa18c39e990c81ee8a81ccaa5') in 0.005540 seconds
  Import took 0.014353 seconds .

========================================================================
Received Import Request.
  Time since last request: 59.440050 seconds.
  path: Assets/Scripts/WizardMovement.cs
  artifactKey: Guid(8ad644faa108f1e45868b93d4029cc5c) Importer(815301076,1909f56bfc062723c751e8b465ee728b)
Start importing Assets/Scripts/WizardMovement.cs using Guid(8ad644faa108f1e45868b93d4029cc5c) Importer(815301076,1909f56bfc062723c751e8b465ee728b)  -> (artifact id: '264e03041921b1f0126a0fc453c4696b') in 0.005881 seconds
  Import took 0.014932 seconds .

========================================================================
Received Import Request.
  Time since last request: 0.004983 seconds.
  path: Assets/Scripts/WizardMovement.cs
  artifactKey: Guid(8ad644faa108f1e45868b93d4029cc5c) Importer(815301076,1909f56bfc062723c751e8b465ee728b)
Start importing Assets/Scripts/WizardMovement.cs using Guid(8ad644faa108f1e45868b93d4029cc5c) Importer(815301076,1909f56bfc062723c751e8b465ee728b)  -> (artifact id: '264e03041921b1f0126a0fc453c4696b') in 0.005340 seconds
  Import took 0.013531 seconds .

========================================================================
Received Import Request.
  Time since last request: 8.683020 seconds.
  path: Assets/FloorController.cs
  artifactKey: Guid(fe029360766e7cf48b15ba13cb7b53ad) Importer(815301076,1909f56bfc062723c751e8b465ee728b)
Start importing Assets/FloorController.cs using Guid(fe029360766e7cf48b15ba13cb7b53ad) Importer(815301076,1909f56bfc062723c751e8b465ee728b)  -> (artifact id: '004a509fa95860813c46e60cf9a6f207') in 0.005383 seconds
  Import took 0.013716 seconds .

========================================================================
Received Prepare
Registering precompiled user dll's ...
Registered in 0.008894 seconds.
Begin MonoManager ReloadAssembly
Native extension for WindowsStandalone target not found
Refreshing native plugins compatible for Editor in 1.34 ms, found 0 plugins.
Preloading 0 native plugins for Editor in 0.00 ms.
Mono: successfully reloaded assembly
- Completed reload, in  1.431 seconds
Platform modules already initialized, skipping
Refreshing native plugins compatible for Editor in 1.09 ms, found 0 plugins.
Preloading 0 native plugins for Editor in 0.00 ms.
Unloading 4402 Unused Serialized files (Serialized files now loaded: 0)
System memory in use before: 224.2 MB.
System memory in use after: 224.6 MB.

Unloading 19 unused Assets to reduce memory usage. Loaded Objects now: 5693.
Total: 4.738500 ms (FindLiveObjects: 0.915000 ms CreateObjectMapping: 0.259400 ms MarkObjects: 3.483700 ms  DeleteObjects: 0.078200 ms)

========================================================================
Received Import Request.
  Time since last request: 34.620817 seconds.
  path: Assets/TeleportController.cs
  artifactKey: Guid(507c2b021ff61bf459d0ad51490f234a) Importer(815301076,1909f56bfc062723c751e8b465ee728b)
Start importing Assets/TeleportController.cs using Guid(507c2b021ff61bf459d0ad51490f234a) Importer(815301076,1909f56bfc062723c751e8b465ee728b)  -> (artifact id: '631c30f16a588b5934bada0e222aea87') in 0.011746 seconds
  Import took 0.019777 seconds .

========================================================================
Received Import Request.
  Time since last request: 0.004229 seconds.
  path: Assets/FloorController.cs
  artifactKey: Guid(fe029360766e7cf48b15ba13cb7b53ad) Importer(815301076,1909f56bfc062723c751e8b465ee728b)
Start importing Assets/FloorController.cs using Guid(fe029360766e7cf48b15ba13cb7b53ad) Importer(815301076,1909f56bfc062723c751e8b465ee728b)  -> (artifact id: '41f2af393c332cc8597d4664ed768800') in 0.004415 seconds
  Import took 0.011581 seconds .

========================================================================
Received Prepare
Registering precompiled user dll's ...
Registered in 0.008757 seconds.
Begin MonoManager ReloadAssembly
Native extension for WindowsStandalone target not found
Refreshing native plugins compatible for Editor in 1.14 ms, found 0 plugins.
Preloading 0 native plugins for Editor in 0.00 ms.
Mono: successfully reloaded assembly
- Completed reload, in  1.372 seconds
Platform modules already initialized, skipping
Refreshing native plugins compatible for Editor in 1.05 ms, found 0 plugins.
Preloading 0 native plugins for Editor in 0.00 ms.
Unloading 4402 Unused Serialized files (Serialized files now loaded: 0)
System memory in use before: 224.0 MB.
System memory in use after: 224.4 MB.

Unloading 19 unused Assets to reduce memory usage. Loaded Objects now: 5698.
Total: 4.298200 ms (FindLiveObjects: 1.057000 ms CreateObjectMapping: 0.136700 ms MarkObjects: 3.041900 ms  DeleteObjects: 0.061400 ms)

========================================================================
Received Import Request.
  Time since last request: 44.998560 seconds.
  path: Assets/TeleportController.cs
  artifactKey: Guid(507c2b021ff61bf459d0ad51490f234a) Importer(815301076,1909f56bfc062723c751e8b465ee728b)
Start importing Assets/TeleportController.cs using Guid(507c2b021ff61bf459d0ad51490f234a) Importer(815301076,1909f56bfc062723c751e8b465ee728b)  -> (artifact id: '96b2bcdeac6af66e0b7acf375c5cea2d') in 0.011231 seconds
  Import took 0.019175 seconds .

========================================================================
Received Import Request.
  Time since last request: 0.004164 seconds.
  path: Assets/Scripts/BoundaryController.cs
  artifactKey: Guid(80dab5e58eac22843be8c18d51eff5b5) Importer(815301076,1909f56bfc062723c751e8b465ee728b)
Start importing Assets/Scripts/BoundaryController.cs using Guid(80dab5e58eac22843be8c18d51eff5b5) Importer(815301076,1909f56bfc062723c751e8b465ee728b)  -> (artifact id: '1c52c218b4068a0ac42e5da00e8ffc2a') in 0.005518 seconds
  Import took 0.012810 seconds .

========================================================================
Received Import Request.
  Time since last request: 55.593288 seconds.
  path: Assets/Scripts/BoundaryController.cs
  artifactKey: Guid(80dab5e58eac22843be8c18d51eff5b5) Importer(815301076,1909f56bfc062723c751e8b465ee728b)
Start importing Assets/Scripts/BoundaryController.cs using Guid(80dab5e58eac22843be8c18d51eff5b5) Importer(815301076,1909f56bfc062723c751e8b465ee728b)  -> (artifact id: 'ae4267b1a12a00ef63bb207206db3338') in 0.004478 seconds
  Import took 0.012746 seconds .

========================================================================
Received Import Request.
  Time since last request: 132.155075 seconds.
  path: Assets/Scripts/WizardMovement.cs
  artifactKey: Guid(8ad644faa108f1e45868b93d4029cc5c) Importer(815301076,1909f56bfc062723c751e8b465ee728b)
Start importing Assets/Scripts/WizardMovement.cs using Guid(8ad644faa108f1e45868b93d4029cc5c) Importer(815301076,1909f56bfc062723c751e8b465ee728b)  -> (artifact id: 'a9fc1bfdc0e3572f93c92bcf61f2020a') in 0.006502 seconds
  Import took 0.016922 seconds .

========================================================================
Received Import Request.
  Time since last request: 10.244253 seconds.
  path: Assets/Scripts/NetworkScripts/GameManager.cs
  artifactKey: Guid(3358ad7309374ef4e895a3081f7b9a1c) Importer(815301076,1909f56bfc062723c751e8b465ee728b)
Start importing Assets/Scripts/NetworkScripts/GameManager.cs using Guid(3358ad7309374ef4e895a3081f7b9a1c) Importer(815301076,1909f56bfc062723c751e8b465ee728b)  -> (artifact id: '8a071be698c8b7f6a4330d218648b062') in 0.005588 seconds
  Import took 0.014661 seconds .

========================================================================
Received Import Request.
  Time since last request: 35.545533 seconds.
  path: Assets/Scripts/BulletControl.cs
  artifactKey: Guid(355cd94ad8108b24682d80efc664cf4e) Importer(815301076,1909f56bfc062723c751e8b465ee728b)
Start importing Assets/Scripts/BulletControl.cs using Guid(355cd94ad8108b24682d80efc664cf4e) Importer(815301076,1909f56bfc062723c751e8b465ee728b)  -> (artifact id: '8bc1ff9a078136ca636ade7dc0899444') in 0.005644 seconds
  Import took 0.013551 seconds .

========================================================================
Received Import Request.
  Time since last request: 26.983858 seconds.
  path: Assets/Scripts/NetworkScripts/PlayerNameInputField.cs
  artifactKey: Guid(a36f2115989a351488b2d123eb2749b8) Importer(815301076,1909f56bfc062723c751e8b465ee728b)
Start importing Assets/Scripts/NetworkScripts/PlayerNameInputField.cs using Guid(a36f2115989a351488b2d123eb2749b8) Importer(815301076,1909f56bfc062723c751e8b465ee728b)  -> (artifact id: 'c644feffa2cb7142c2180b9da25a839d') in 0.007532 seconds
  Import took 0.018262 seconds .

========================================================================
Received Import Request.
  Time since last request: 114.394747 seconds.
  path: Assets/Scripts/NetworkScripts/GameManager.cs
  artifactKey: Guid(3358ad7309374ef4e895a3081f7b9a1c) Importer(815301076,1909f56bfc062723c751e8b465ee728b)
Start importing Assets/Scripts/NetworkScripts/GameManager.cs using Guid(3358ad7309374ef4e895a3081f7b9a1c) Importer(815301076,1909f56bfc062723c751e8b465ee728b)  -> (artifact id: 'a51d12b2a867dafadd7b02ebce9c1e2c') in 0.004638 seconds
  Import took 0.012851 seconds .

========================================================================
Received Import Request.
  Time since last request: 55.314863 seconds.
  path: Assets/Preset/Resources/Wizard.prefab
  artifactKey: Guid(0b1b92a2e3d80544eb96441b2d988bb8) Importer(815301076,1909f56bfc062723c751e8b465ee728b)
Start importing Assets/Preset/Resources/Wizard.prefab using Guid(0b1b92a2e3d80544eb96441b2d988bb8) Importer(815301076,1909f56bfc062723c751e8b465ee728b)  -> (artifact id: '3df12144744f56a163f91a724badcca9') in 0.490806 seconds
  Import took 0.499902 seconds .

========================================================================
Received Import Request.
  Time since last request: 6.001744 seconds.
  path: Assets/Preset/Resources/Wizard.prefab
  artifactKey: Guid(0b1b92a2e3d80544eb96441b2d988bb8) Importer(815301076,1909f56bfc062723c751e8b465ee728b)
Start importing Assets/Preset/Resources/Wizard.prefab using Guid(0b1b92a2e3d80544eb96441b2d988bb8) Importer(815301076,1909f56bfc062723c751e8b465ee728b)  -> (artifact id: '5955ce6a0d345f00870d1a952017c41c') in 0.049135 seconds
  Import took 0.057510 seconds .

========================================================================
Received Import Request.
  Time since last request: 9.384509 seconds.
  path: Assets/Preset/Resources/FireBall.prefab
  artifactKey: Guid(647be649abc1f86418f74f3877b9ceab) Importer(815301076,1909f56bfc062723c751e8b465ee728b)
Start importing Assets/Preset/Resources/FireBall.prefab using Guid(647be649abc1f86418f74f3877b9ceab) Importer(815301076,1909f56bfc062723c751e8b465ee728b)  -> (artifact id: '0e8d31f9774a330669de394c1972de31') in 0.048168 seconds
  Import took 0.057612 seconds .

========================================================================
Received Import Request.
  Time since last request: 4.581684 seconds.
  path: Assets/Preset/Resources/FireBall.prefab
  artifactKey: Guid(647be649abc1f86418f74f3877b9ceab) Importer(815301076,1909f56bfc062723c751e8b465ee728b)
Start importing Assets/Preset/Resources/FireBall.prefab using Guid(647be649abc1f86418f74f3877b9ceab) Importer(815301076,1909f56bfc062723c751e8b465ee728b)  -> (artifact id: '3171013b5fb7397cc34d028a80adb060') in 0.052993 seconds
  Import took 0.061601 seconds .

========================================================================
Received Import Request.
  Time since last request: 90.027776 seconds.
  path: Assets/Scripts/NetworkUI.cs
  artifactKey: Guid(a2b55676ec935c442b72de5cfffe692e) Importer(815301076,1909f56bfc062723c751e8b465ee728b)
Start importing Assets/Scripts/NetworkUI.cs using Guid(a2b55676ec935c442b72de5cfffe692e) Importer(815301076,1909f56bfc062723c751e8b465ee728b)  -> (artifact id: '8f6451c0a5d69edd656b5f559f7f9262') in 0.006031 seconds
  Import took 0.013988 seconds .

========================================================================
Received Prepare
Registering precompiled user dll's ...
Registered in 0.008439 seconds.
Begin MonoManager ReloadAssembly
Native extension for WindowsStandalone target not found
Refreshing native plugins compatible for Editor in 1.16 ms, found 0 plugins.
Preloading 0 native plugins for Editor in 0.00 ms.
Mono: successfully reloaded assembly
- Completed reload, in  1.470 seconds
Platform modules already initialized, skipping
Refreshing native plugins compatible for Editor in 1.25 ms, found 0 plugins.
Preloading 0 native plugins for Editor in 0.00 ms.
Unloading 4403 Unused Serialized files (Serialized files now loaded: 0)
System memory in use before: 224.7 MB.
System memory in use after: 225.1 MB.

Unloading 20 unused Assets to reduce memory usage. Loaded Objects now: 5888.
Total: 5.037200 ms (FindLiveObjects: 1.048600 ms CreateObjectMapping: 0.146800 ms MarkObjects: 3.750200 ms  DeleteObjects: 0.090100 ms)

========================================================================
Received Import Request.
  Time since last request: 18.779095 seconds.
  path: Assets/Scenes/SampleScene.unity
  artifactKey: Guid(3db1837cc97a95e4c98610966fac2b0b) Importer(815301076,1909f56bfc062723c751e8b465ee728b)
Start importing Assets/Scenes/SampleScene.unity using Guid(3db1837cc97a95e4c98610966fac2b0b) Importer(815301076,1909f56bfc062723c751e8b465ee728b)  -> (artifact id: '00d96bb3e20c2b75835310b02f9bf0c7') in 0.020648 seconds
  Import took 0.029158 seconds .

========================================================================
Received Import Request.
  Time since last request: 4.431109 seconds.
  path: Assets/BundleResources/Scene/Begin.unity
  artifactKey: Guid(408112a47b2579f46b2c20cc02a93c64) Importer(815301076,1909f56bfc062723c751e8b465ee728b)
Start importing Assets/BundleResources/Scene/Begin.unity using Guid(408112a47b2579f46b2c20cc02a93c64) Importer(815301076,1909f56bfc062723c751e8b465ee728b)  -> (artifact id: 'a25c12d56d39d139c32ba784a1d53ebc') in 0.006252 seconds
  Import took 0.015133 seconds .

========================================================================
Received Prepare
Registering precompiled user dll's ...
Registered in 0.009354 seconds.
Begin MonoManager ReloadAssembly
Native extension for WindowsStandalone target not found
Refreshing native plugins compatible for Editor in 1.09 ms, found 0 plugins.
Preloading 0 native plugins for Editor in 0.00 ms.
Mono: successfully reloaded assembly
- Completed reload, in  1.322 seconds
Platform modules already initialized, skipping
Refreshing native plugins compatible for Editor in 1.13 ms, found 0 plugins.
Preloading 0 native plugins for Editor in 0.00 ms.
Unloading 4403 Unused Serialized files (Serialized files now loaded: 0)
System memory in use before: 224.7 MB.
System memory in use after: 225.2 MB.

Unloading 19 unused Assets to reduce memory usage. Loaded Objects now: 5893.
Total: 4.347700 ms (FindLiveObjects: 0.899500 ms CreateObjectMapping: 0.134200 ms MarkObjects: 3.239300 ms  DeleteObjects: 0.073400 ms)

========================================================================
Received Import Request.
  Time since last request: 221.371899 seconds.
  path: Assets/BundleResources/Scene/Chapter03_Buggy01.unity
  artifactKey: Guid(21dc0b1225f506246bf077af76c01b69) Importer(815301076,1909f56bfc062723c751e8b465ee728b)
Start importing Assets/BundleResources/Scene/Chapter03_Buggy01.unity using Guid(21dc0b1225f506246bf077af76c01b69) Importer(815301076,1909f56bfc062723c751e8b465ee728b)  -> (artifact id: '7eeb065be00cf78960687ec40f332e6e') in 0.032257 seconds
  Import took 0.040819 seconds .

========================================================================
Received Import Request.
  Time since last request: 33.179799 seconds.
  path: Assets/Preset/Resources/FireBall.prefab
  artifactKey: Guid(647be649abc1f86418f74f3877b9ceab) Importer(815301076,1909f56bfc062723c751e8b465ee728b)
Start importing Assets/Preset/Resources/FireBall.prefab using Guid(647be649abc1f86418f74f3877b9ceab) Importer(815301076,1909f56bfc062723c751e8b465ee728b)  -> (artifact id: '464f6cbfb4b80a87346df65f13b1997d') in 0.514476 seconds
  Import took 0.523892 seconds .

========================================================================
Received Import Request.
  Time since last request: 0.004477 seconds.
  path: Assets/Preset/Resources/Wizard.prefab
  artifactKey: Guid(0b1b92a2e3d80544eb96441b2d988bb8) Importer(815301076,1909f56bfc062723c751e8b465ee728b)
Start importing Assets/Preset/Resources/Wizard.prefab using Guid(0b1b92a2e3d80544eb96441b2d988bb8) Importer(815301076,1909f56bfc062723c751e8b465ee728b)  -> (artifact id: '950ae67a03e11ec821788154927c4145') in 0.056188 seconds
  Import took 0.066352 seconds .

========================================================================
Received Import Request.
  Time since last request: 0.004360 seconds.
  path: Assets/Preset/Resources/Wizard.prefab
  artifactKey: Guid(0b1b92a2e3d80544eb96441b2d988bb8) Importer(815301076,1909f56bfc062723c751e8b465ee728b)
Start importing Assets/Preset/Resources/Wizard.prefab using Guid(0b1b92a2e3d80544eb96441b2d988bb8) Importer(815301076,1909f56bfc062723c751e8b465ee728b)  -> (artifact id: '950ae67a03e11ec821788154927c4145') in 0.051102 seconds
  Import took 0.060175 seconds .

========================================================================
Received Import Request.
  Time since last request: 13.192373 seconds.
  path: Assets/Scripts/NetworkScripts/Launcher.cs
  artifactKey: Guid(e26fe098ceb5f984aaf0e8f75d3a7a40) Importer(815301076,1909f56bfc062723c751e8b465ee728b)
Start importing Assets/Scripts/NetworkScripts/Launcher.cs using Guid(e26fe098ceb5f984aaf0e8f75d3a7a40) Importer(815301076,1909f56bfc062723c751e8b465ee728b)  -> (artifact id: 'f6c034128bbc5dd608c832feea4f7a35') in 0.005381 seconds
  Import took 0.013437 seconds .

========================================================================
Received Import Request.
  Time since last request: 0.010393 seconds.
  path: Assets/Scripts/NetworkScripts/Launcher.cs
  artifactKey: Guid(e26fe098ceb5f984aaf0e8f75d3a7a40) Importer(815301076,1909f56bfc062723c751e8b465ee728b)
Start importing Assets/Scripts/NetworkScripts/Launcher.cs using Guid(e26fe098ceb5f984aaf0e8f75d3a7a40) Importer(815301076,1909f56bfc062723c751e8b465ee728b)  -> (artifact id: 'f6c034128bbc5dd608c832feea4f7a35') in 0.005175 seconds
  Import took 0.013523 seconds .

========================================================================
Received Import Request.
  Time since last request: 14.705278 seconds.
  path: Assets/Scripts/NetworkScripts/PlayerNameInputField.cs
  artifactKey: Guid(a36f2115989a351488b2d123eb2749b8) Importer(815301076,1909f56bfc062723c751e8b465ee728b)
Start importing Assets/Scripts/NetworkScripts/PlayerNameInputField.cs using Guid(a36f2115989a351488b2d123eb2749b8) Importer(815301076,1909f56bfc062723c751e8b465ee728b)  -> (artifact id: '8e825daba5461a38e98860c6e5c74d7a') in 0.004954 seconds
  Import took 0.013416 seconds .

========================================================================
Received Import Request.
  Time since last request: 0.009062 seconds.
  path: Assets/Scripts/NetworkScripts/PlayerNameInputField.cs
  artifactKey: Guid(a36f2115989a351488b2d123eb2749b8) Importer(815301076,1909f56bfc062723c751e8b465ee728b)
Start importing Assets/Scripts/NetworkScripts/PlayerNameInputField.cs using Guid(a36f2115989a351488b2d123eb2749b8) Importer(815301076,1909f56bfc062723c751e8b465ee728b)  -> (artifact id: '8e825daba5461a38e98860c6e5c74d7a') in 0.005299 seconds
  Import took 0.014068 seconds .

========================================================================
Received Import Request.
  Time since last request: 5.431262 seconds.
  path: Assets/BundleResources/Scene/Begin.unity
  artifactKey: Guid(408112a47b2579f46b2c20cc02a93c64) Importer(815301076,1909f56bfc062723c751e8b465ee728b)
Start importing Assets/BundleResources/Scene/Begin.unity using Guid(408112a47b2579f46b2c20cc02a93c64) Importer(815301076,1909f56bfc062723c751e8b465ee728b)  -> (artifact id: '140c8b7256b4278dd98535fe8a30171f') in 0.006289 seconds
  Import took 0.014886 seconds .

========================================================================
Received Import Request.
  Time since last request: 0.004510 seconds.
  path: Assets/BundleResources/Scene/Begin.unity
  artifactKey: Guid(408112a47b2579f46b2c20cc02a93c64) Importer(815301076,1909f56bfc062723c751e8b465ee728b)
Start importing Assets/BundleResources/Scene/Begin.unity using Guid(408112a47b2579f46b2c20cc02a93c64) Importer(815301076,1909f56bfc062723c751e8b465ee728b)  -> (artifact id: '140c8b7256b4278dd98535fe8a30171f') in 0.005001 seconds
  Import took 0.013296 seconds .

========================================================================
Received Import Request.
  Time since last request: 105.662159 seconds.
  path: Assets/BundleResources/Scene/Chapter03_Buggy01.unity
  artifactKey: Guid(21dc0b1225f506246bf077af76c01b69) Importer(815301076,1909f56bfc062723c751e8b465ee728b)
Start importing Assets/BundleResources/Scene/Chapter03_Buggy01.unity using Guid(21dc0b1225f506246bf077af76c01b69) Importer(815301076,1909f56bfc062723c751e8b465ee728b)  -> (artifact id: '00f95cb51b01b015f2b3e61fff9541f1') in 0.005198 seconds
  Import took 0.013465 seconds .

========================================================================
Received Prepare
Registering precompiled user dll's ...
Registered in 0.011146 seconds.
Begin MonoManager ReloadAssembly
Native extension for WindowsStandalone target not found
Refreshing native plugins compatible for Editor in 1.57 ms, found 0 plugins.
Preloading 0 native plugins for Editor in 0.00 ms.
Mono: successfully reloaded assembly
- Completed reload, in  1.417 seconds
Platform modules already initialized, skipping
Refreshing native plugins compatible for Editor in 1.11 ms, found 0 plugins.
Preloading 0 native plugins for Editor in 0.00 ms.
Unloading 4403 Unused Serialized files (Serialized files now loaded: 0)
System memory in use before: 225.4 MB.
System memory in use after: 225.8 MB.

Unloading 19 unused Assets to reduce memory usage. Loaded Objects now: 6082.
Total: 4.670800 ms (FindLiveObjects: 0.734900 ms CreateObjectMapping: 0.133200 ms MarkObjects: 3.711400 ms  DeleteObjects: 0.090000 ms)

========================================================================
Received Import Request.
  Time since last request: 66.761257 seconds.
  path: Assets/BundleResources/Scene/Begin.unity
  artifactKey: Guid(408112a47b2579f46b2c20cc02a93c64) Importer(815301076,1909f56bfc062723c751e8b465ee728b)
Start importing Assets/BundleResources/Scene/Begin.unity using Guid(408112a47b2579f46b2c20cc02a93c64) Importer(815301076,1909f56bfc062723c751e8b465ee728b)  -> (artifact id: 'e0bc6c07b8b8e15384b55a5b3579f1ee') in 0.019005 seconds
  Import took 0.027378 seconds .

========================================================================
Received Prepare
Registering precompiled user dll's ...
Registered in 0.008745 seconds.
Begin MonoManager ReloadAssembly
Native extension for WindowsStandalone target not found
Refreshing native plugins compatible for Editor in 1.06 ms, found 0 plugins.
Preloading 0 native plugins for Editor in 0.00 ms.
Mono: successfully reloaded assembly
- Completed reload, in  1.297 seconds
Platform modules already initialized, skipping
Refreshing native plugins compatible for Editor in 1.67 ms, found 0 plugins.
Preloading 0 native plugins for Editor in 0.00 ms.
Unloading 4403 Unused Serialized files (Serialized files now loaded: 0)
System memory in use before: 225.4 MB.
System memory in use after: 225.8 MB.

Unloading 19 unused Assets to reduce memory usage. Loaded Objects now: 6087.
Total: 5.109300 ms (FindLiveObjects: 1.353800 ms CreateObjectMapping: 0.228800 ms MarkObjects: 3.450300 ms  DeleteObjects: 0.075200 ms)

========================================================================
Received Import Request.
  Time since last request: 22.598899 seconds.
  path: Assets/Preset/Resources/Wizard.prefab
  artifactKey: Guid(0b1b92a2e3d80544eb96441b2d988bb8) Importer(815301076,1909f56bfc062723c751e8b465ee728b)
Start importing Assets/Preset/Resources/Wizard.prefab using Guid(0b1b92a2e3d80544eb96441b2d988bb8) Importer(815301076,1909f56bfc062723c751e8b465ee728b)  -> (artifact id: '1ad9525dc5e36db1eebcca62ea6f2e26') in 0.512547 seconds
  Import took 0.521683 seconds .

========================================================================
Received Import Request.
  Time since last request: 11.494274 seconds.
  path: Assets/Preset/Resources/FireBall.prefab
  artifactKey: Guid(647be649abc1f86418f74f3877b9ceab) Importer(815301076,1909f56bfc062723c751e8b465ee728b)
Start importing Assets/Preset/Resources/FireBall.prefab using Guid(647be649abc1f86418f74f3877b9ceab) Importer(815301076,1909f56bfc062723c751e8b465ee728b)  -> (artifact id: 'dabb4245ef975ab60f7c2c6f68677215') in 0.054632 seconds
  Import took 0.063793 seconds .

========================================================================
Received Import Request.
  Time since last request: 0.004635 seconds.
  path: Assets/Preset/Resources/Wizard.prefab
  artifactKey: Guid(0b1b92a2e3d80544eb96441b2d988bb8) Importer(815301076,1909f56bfc062723c751e8b465ee728b)
Start importing Assets/Preset/Resources/Wizard.prefab using Guid(0b1b92a2e3d80544eb96441b2d988bb8) Importer(815301076,1909f56bfc062723c751e8b465ee728b)  -> (artifact id: '654bd075e77a51febad5577c9d388ee2') in 0.054414 seconds
  Import took 0.063957 seconds .

========================================================================
Received Import Request.
  Time since last request: 12.314169 seconds.
  path: Assets/Preset/Resources/FireBall.prefab
  artifactKey: Guid(647be649abc1f86418f74f3877b9ceab) Importer(815301076,1909f56bfc062723c751e8b465ee728b)
Start importing Assets/Preset/Resources/FireBall.prefab using Guid(647be649abc1f86418f74f3877b9ceab) Importer(815301076,1909f56bfc062723c751e8b465ee728b)  -> (artifact id: 'b0c56b46115ab80f31bc07bd208fc4f5') in 0.058039 seconds
  Import took 0.067582 seconds .

========================================================================
Received Prepare
Registering precompiled user dll's ...
Registered in 0.008393 seconds.
Begin MonoManager ReloadAssembly
Native extension for WindowsStandalone target not found
Refreshing native plugins compatible for Editor in 1.31 ms, found 0 plugins.
Preloading 0 native plugins for Editor in 0.00 ms.
Mono: successfully reloaded assembly
- Completed reload, in  1.393 seconds
Platform modules already initialized, skipping
Refreshing native plugins compatible for Editor in 1.71 ms, found 0 plugins.
Preloading 0 native plugins for Editor in 0.00 ms.
Unloading 4403 Unused Serialized files (Serialized files now loaded: 0)
System memory in use before: 225.6 MB.
System memory in use after: 226.1 MB.

Unloading 19 unused Assets to reduce memory usage. Loaded Objects now: 6276.
Total: 4.666400 ms (FindLiveObjects: 0.713500 ms CreateObjectMapping: 0.137800 ms MarkObjects: 3.726400 ms  DeleteObjects: 0.086700 ms)

========================================================================
Received Prepare
Refreshing native plugins compatible for Editor in 15.88 ms, found 0 plugins.
Preloading 0 native plugins for Editor in 0.00 ms.
Unloading 15 Unused Serialized files (Serialized files now loaded: 0)
System memory in use before: 139.0 MB.
System memory in use after: 139.5 MB.

Unloading 15 unused Assets to reduce memory usage. Loaded Objects now: 6276.
Total: 39.338000 ms (FindLiveObjects: 7.617500 ms CreateObjectMapping: 3.343100 ms MarkObjects: 28.124500 ms  DeleteObjects: 0.248300 ms)

========================================================================
Received Prepare
Registering precompiled user dll's ...
Registered in 0.015384 seconds.
Begin MonoManager ReloadAssembly
Native extension for WindowsStandalone target not found
Refreshing native plugins compatible for Editor in 1.99 ms, found 0 plugins.
Preloading 0 native plugins for Editor in 0.00 ms.
Mono: successfully reloaded assembly
- Completed reload, in  1.578 seconds
Platform modules already initialized, skipping
Refreshing native plugins compatible for Editor in 1.50 ms, found 0 plugins.
Preloading 0 native plugins for Editor in 0.00 ms.
Unloading 4403 Unused Serialized files (Serialized files now loaded: 0)
System memory in use before: 226.9 MB.
System memory in use after: 227.4 MB.

Unloading 19 unused Assets to reduce memory usage. Loaded Objects now: 6281.
Total: 7.647800 ms (FindLiveObjects: 1.000400 ms CreateObjectMapping: 0.240900 ms MarkObjects: 6.271800 ms  DeleteObjects: 0.132200 ms)

========================================================================
Received Prepare
Registering precompiled user dll's ...
Registered in 0.009149 seconds.
Begin MonoManager ReloadAssembly
Native extension for WindowsStandalone target not found
Refreshing native plugins compatible for Editor in 1.08 ms, found 0 plugins.
Preloading 0 native plugins for Editor in 0.00 ms.
Mono: successfully reloaded assembly
- Completed reload, in  1.299 seconds
Platform modules already initialized, skipping
Refreshing native plugins compatible for Editor in 1.23 ms, found 0 plugins.
Preloading 0 native plugins for Editor in 0.00 ms.
Unloading 4403 Unused Serialized files (Serialized files now loaded: 0)
System memory in use before: 227.0 MB.
System memory in use after: 227.4 MB.

Unloading 19 unused Assets to reduce memory usage. Loaded Objects now: 6286.
Total: 5.008400 ms (FindLiveObjects: 1.145300 ms CreateObjectMapping: 0.138200 ms MarkObjects: 3.642100 ms  DeleteObjects: 0.081100 ms)

========================================================================
Received Prepare
Registering precompiled user dll's ...
Registered in 0.008710 seconds.
Begin MonoManager ReloadAssembly
Native extension for WindowsStandalone target not found
Refreshing native plugins compatible for Editor in 1.09 ms, found 0 plugins.
Preloading 0 native plugins for Editor in 0.00 ms.
Mono: successfully reloaded assembly
- Completed reload, in  1.307 seconds
Platform modules already initialized, skipping
Refreshing native plugins compatible for Editor in 1.35 ms, found 0 plugins.
Preloading 0 native plugins for Editor in 0.00 ms.
Unloading 4403 Unused Serialized files (Serialized files now loaded: 0)
System memory in use before: 227.0 MB.
System memory in use after: 227.4 MB.

Unloading 19 unused Assets to reduce memory usage. Loaded Objects now: 6291.
Total: 4.964000 ms (FindLiveObjects: 1.477900 ms CreateObjectMapping: 0.160800 ms MarkObjects: 3.243800 ms  DeleteObjects: 0.079400 ms)

========================================================================
Received Import Request.
  Time since last request: 691.414311 seconds.
  path: Assets/TeleportController.cs
  artifactKey: Guid(507c2b021ff61bf459d0ad51490f234a) Importer(815301076,1909f56bfc062723c751e8b465ee728b)
Start importing Assets/TeleportController.cs using Guid(507c2b021ff61bf459d0ad51490f234a) Importer(815301076,1909f56bfc062723c751e8b465ee728b)  -> (artifact id: 'cf1d2e1480a7fcd6501b6595ffe66f7b') in 0.014583 seconds
  Import took 0.023638 seconds .

========================================================================
Received Import Request.
  Time since last request: 0.013117 seconds.
  path: Assets/TeleportController.cs
  artifactKey: Guid(507c2b021ff61bf459d0ad51490f234a) Importer(815301076,1909f56bfc062723c751e8b465ee728b)
Start importing Assets/TeleportController.cs using Guid(507c2b021ff61bf459d0ad51490f234a) Importer(815301076,1909f56bfc062723c751e8b465ee728b)  -> (artifact id: 'cf1d2e1480a7fcd6501b6595ffe66f7b') in 0.004573 seconds
  Import took 0.013216 seconds .

========================================================================
Received Prepare
Registering precompiled user dll's ...
Registered in 0.009060 seconds.
Begin MonoManager ReloadAssembly
Native extension for WindowsStandalone target not found
Refreshing native plugins compatible for Editor in 1.06 ms, found 0 plugins.
Preloading 0 native plugins for Editor in 0.00 ms.
Mono: successfully reloaded assembly
- Completed reload, in  1.281 seconds
Platform modules already initialized, skipping
Refreshing native plugins compatible for Editor in 1.10 ms, found 0 plugins.
Preloading 0 native plugins for Editor in 0.00 ms.
Unloading 4403 Unused Serialized files (Serialized files now loaded: 0)
System memory in use before: 227.0 MB.
System memory in use after: 227.4 MB.

Unloading 19 unused Assets to reduce memory usage. Loaded Objects now: 6296.
Total: 4.571800 ms (FindLiveObjects: 1.172600 ms CreateObjectMapping: 0.139300 ms MarkObjects: 3.186500 ms  DeleteObjects: 0.071600 ms)

========================================================================
Received Prepare
Registering precompiled user dll's ...
Registered in 0.008330 seconds.
Begin MonoManager ReloadAssembly
Native extension for WindowsStandalone target not found
Refreshing native plugins compatible for Editor in 1.10 ms, found 0 plugins.
Preloading 0 native plugins for Editor in 0.00 ms.
Mono: successfully reloaded assembly
- Completed reload, in  1.337 seconds
Platform modules already initialized, skipping
Refreshing native plugins compatible for Editor in 1.15 ms, found 0 plugins.
Preloading 0 native plugins for Editor in 0.00 ms.
Unloading 4403 Unused Serialized files (Serialized files now loaded: 0)
System memory in use before: 226.8 MB.
System memory in use after: 227.2 MB.

Unloading 19 unused Assets to reduce memory usage. Loaded Objects now: 6301.
Total: 4.811200 ms (FindLiveObjects: 0.802900 ms CreateObjectMapping: 0.135300 ms MarkObjects: 3.758400 ms  DeleteObjects: 0.113500 ms)

========================================================================
Received Import Request.
  Time since last request: 277.571467 seconds.
  path: Assets/BundleResources/Scene/Chapter03_Buggy01.unity
  artifactKey: Guid(21dc0b1225f506246bf077af76c01b69) Importer(815301076,1909f56bfc062723c751e8b465ee728b)
Start importing Assets/BundleResources/Scene/Chapter03_Buggy01.unity using Guid(21dc0b1225f506246bf077af76c01b69) Importer(815301076,1909f56bfc062723c751e8b465ee728b)  -> (artifact id: '2317708cbf1f2b753587f308839cf993') in 0.020265 seconds
  Import took 0.028639 seconds .

========================================================================
Received Prepare
Registering precompiled user dll's ...
Registered in 0.010525 seconds.
Begin MonoManager ReloadAssembly
Native extension for WindowsStandalone target not found
Refreshing native plugins compatible for Editor in 1.30 ms, found 0 plugins.
Preloading 0 native plugins for Editor in 0.00 ms.
Mono: successfully reloaded assembly
- Completed reload, in  1.290 seconds
Platform modules already initialized, skipping
Refreshing native plugins compatible for Editor in 1.08 ms, found 0 plugins.
Preloading 0 native plugins for Editor in 0.00 ms.
Unloading 4403 Unused Serialized files (Serialized files now loaded: 0)
System memory in use before: 227.0 MB.
System memory in use after: 227.5 MB.

Unloading 19 unused Assets to reduce memory usage. Loaded Objects now: 6306.
Total: 4.750100 ms (FindLiveObjects: 1.196200 ms CreateObjectMapping: 0.141400 ms MarkObjects: 3.327300 ms  DeleteObjects: 0.083300 ms)

========================================================================
Received Import Request.
  Time since last request: 45.977809 seconds.
  path: Assets/BundleResources/Scene/Chapter03_Buggy01.unity
  artifactKey: Guid(21dc0b1225f506246bf077af76c01b69) Importer(815301076,1909f56bfc062723c751e8b465ee728b)
Start importing Assets/BundleResources/Scene/Chapter03_Buggy01.unity using Guid(21dc0b1225f506246bf077af76c01b69) Importer(815301076,1909f56bfc062723c751e8b465ee728b)  -> (artifact id: '8aa14d98c43250e2dc6e6b69f195da2c') in 0.016725 seconds
  Import took 0.025622 seconds .

========================================================================
Received Prepare
Registering precompiled user dll's ...
Registered in 0.010607 seconds.
Begin MonoManager ReloadAssembly
Native extension for WindowsStandalone target not found
Refreshing native plugins compatible for Editor in 1.74 ms, found 0 plugins.
Preloading 0 native plugins for Editor in 0.00 ms.
Mono: successfully reloaded assembly
- Completed reload, in  1.310 seconds
Platform modules already initialized, skipping
Refreshing native plugins compatible for Editor in 1.15 ms, found 0 plugins.
Preloading 0 native plugins for Editor in 0.00 ms.
Unloading 4403 Unused Serialized files (Serialized files now loaded: 0)
System memory in use before: 227.0 MB.
System memory in use after: 227.5 MB.

Unloading 19 unused Assets to reduce memory usage. Loaded Objects now: 6311.
Total: 7.294300 ms (FindLiveObjects: 1.161400 ms CreateObjectMapping: 0.299900 ms MarkObjects: 5.732300 ms  DeleteObjects: 0.099200 ms)

========================================================================
Received Prepare
Registering precompiled user dll's ...
Registered in 0.008891 seconds.
Begin MonoManager ReloadAssembly
Native extension for WindowsStandalone target not found
Refreshing native plugins compatible for Editor in 1.11 ms, found 0 plugins.
Preloading 0 native plugins for Editor in 0.00 ms.
Mono: successfully reloaded assembly
- Completed reload, in  1.377 seconds
Platform modules already initialized, skipping
Refreshing native plugins compatible for Editor in 1.18 ms, found 0 plugins.
Preloading 0 native plugins for Editor in 0.00 ms.
Unloading 4403 Unused Serialized files (Serialized files now loaded: 0)
System memory in use before: 227.0 MB.
System memory in use after: 227.5 MB.

Unloading 19 unused Assets to reduce memory usage. Loaded Objects now: 6316.
Total: 5.086400 ms (FindLiveObjects: 0.790800 ms CreateObjectMapping: 0.440100 ms MarkObjects: 3.764200 ms  DeleteObjects: 0.090200 ms)

========================================================================
Received Prepare
Registering precompiled user dll's ...
Registered in 0.010611 seconds.
Begin MonoManager ReloadAssembly
Native extension for WindowsStandalone target not found
Refreshing native plugins compatible for Editor in 1.06 ms, found 0 plugins.
Preloading 0 native plugins for Editor in 0.00 ms.
Mono: successfully reloaded assembly
- Completed reload, in  1.372 seconds
Platform modules already initialized, skipping
Refreshing native plugins compatible for Editor in 1.29 ms, found 0 plugins.
Preloading 0 native plugins for Editor in 0.00 ms.
Unloading 4403 Unused Serialized files (Serialized files now loaded: 0)
System memory in use before: 227.1 MB.
System memory in use after: 227.5 MB.

Unloading 19 unused Assets to reduce memory usage. Loaded Objects now: 6321.
Total: 5.720000 ms (FindLiveObjects: 1.074100 ms CreateObjectMapping: 0.245600 ms MarkObjects: 4.307700 ms  DeleteObjects: 0.090700 ms)

========================================================================
Received Prepare
Registering precompiled user dll's ...
Registered in 0.009018 seconds.
Begin MonoManager ReloadAssembly
Native extension for WindowsStandalone target not found
Refreshing native plugins compatible for Editor in 1.05 ms, found 0 plugins.
Preloading 0 native plugins for Editor in 0.00 ms.
Mono: successfully reloaded assembly
- Completed reload, in  1.316 seconds
Platform modules already initialized, skipping
Refreshing native plugins compatible for Editor in 1.04 ms, found 0 plugins.
Preloading 0 native plugins for Editor in 0.00 ms.
Unloading 4403 Unused Serialized files (Serialized files now loaded: 0)
System memory in use before: 226.9 MB.
System memory in use after: 227.3 MB.

Unloading 19 unused Assets to reduce memory usage. Loaded Objects now: 6326.
Total: 4.397900 ms (FindLiveObjects: 0.653500 ms CreateObjectMapping: 0.144100 ms MarkObjects: 3.524200 ms  DeleteObjects: 0.075100 ms)

========================================================================
Received Import Request.
  Time since last request: 142.131679 seconds.
  path: Assets/Materials/BulletMaterial.mat
  artifactKey: Guid(7dc48d78a61ad2840929800b7ea5c753) Importer(815301076,1909f56bfc062723c751e8b465ee728b)
Start importing Assets/Materials/BulletMaterial.mat using Guid(7dc48d78a61ad2840929800b7ea5c753) Importer(815301076,1909f56bfc062723c751e8b465ee728b)  -> (artifact id: '40b19f9340d9a3800a9ba380b4c7c6ea') in 0.529393 seconds
  Import took 0.538503 seconds .

========================================================================
Received Import Request.
  Time since last request: 11.903211 seconds.
  path: Assets/Preset/Resources/FallingFloor.prefab
  artifactKey: Guid(ead01015a0f68cf4da6c089569e1c013) Importer(815301076,1909f56bfc062723c751e8b465ee728b)
Start importing Assets/Preset/Resources/FallingFloor.prefab using Guid(ead01015a0f68cf4da6c089569e1c013) Importer(815301076,1909f56bfc062723c751e8b465ee728b)  -> (artifact id: '7e8b06bc9e0b8c3623f5bf3612537667') in 0.078710 seconds
  Import took 0.089899 seconds .

========================================================================
Received Import Request.
  Time since last request: 0.007561 seconds.
  path: Assets/Preset/Resources/FallingFloor.prefab
  artifactKey: Guid(ead01015a0f68cf4da6c089569e1c013) Importer(815301076,1909f56bfc062723c751e8b465ee728b)
Start importing Assets/Preset/Resources/FallingFloor.prefab using Guid(ead01015a0f68cf4da6c089569e1c013) Importer(815301076,1909f56bfc062723c751e8b465ee728b)  -> (artifact id: '7e8b06bc9e0b8c3623f5bf3612537667') in 0.057158 seconds
  Import took 0.066351 seconds .

========================================================================
Received Import Request.
  Time since last request: 7.314334 seconds.
  path: Assets/Preset/Resources/FallingFloor.prefab
  artifactKey: Guid(ead01015a0f68cf4da6c089569e1c013) Importer(815301076,1909f56bfc062723c751e8b465ee728b)
Start importing Assets/Preset/Resources/FallingFloor.prefab using Guid(ead01015a0f68cf4da6c089569e1c013) Importer(815301076,1909f56bfc062723c751e8b465ee728b)  -> (artifact id: '57caca98bcb2c778e092e427fa1fa9af') in 0.053321 seconds
  Import took 0.061993 seconds .

========================================================================
Received Import Request.
  Time since last request: 10.171662 seconds.
  path: Assets/Scripts/WizardMovement.cs
  artifactKey: Guid(8ad644faa108f1e45868b93d4029cc5c) Importer(815301076,1909f56bfc062723c751e8b465ee728b)
Start importing Assets/Scripts/WizardMovement.cs using Guid(8ad644faa108f1e45868b93d4029cc5c) Importer(815301076,1909f56bfc062723c751e8b465ee728b)  -> (artifact id: 'd2e101ff77a1d9c43822abdeb4a25406') in 0.004382 seconds
  Import took 0.011920 seconds .

========================================================================
Received Import Request.
  Time since last request: 0.008008 seconds.
  path: Assets/Scripts/WizardMovement.cs
  artifactKey: Guid(8ad644faa108f1e45868b93d4029cc5c) Importer(815301076,1909f56bfc062723c751e8b465ee728b)
Start importing Assets/Scripts/WizardMovement.cs using Guid(8ad644faa108f1e45868b93d4029cc5c) Importer(815301076,1909f56bfc062723c751e8b465ee728b)  -> (artifact id: 'd2e101ff77a1d9c43822abdeb4a25406') in 0.004532 seconds
  Import took 0.012805 seconds .

========================================================================
Received Import Request.
  Time since last request: 0.504403 seconds.
  path: Assets/Scripts/SingleFloorController.cs
  artifactKey: Guid(affcf576f5fa09a448b174f15306cb41) Importer(815301076,1909f56bfc062723c751e8b465ee728b)
Start importing Assets/Scripts/SingleFloorController.cs using Guid(affcf576f5fa09a448b174f15306cb41) Importer(815301076,1909f56bfc062723c751e8b465ee728b)  -> (artifact id: '1a4ffade9545793ab3140df2c70dcab1') in 0.006277 seconds
  Import took 0.014950 seconds .

========================================================================
Received Import Request.
  Time since last request: 18.542521 seconds.
  path: Assets/Scenes/SampleScene/LightingData.asset
  artifactKey: Guid(c9672d4b9a662004a9bf0d3f330e6b36) Importer(815301076,1909f56bfc062723c751e8b465ee728b)
Start importing Assets/Scenes/SampleScene/LightingData.asset using Guid(c9672d4b9a662004a9bf0d3f330e6b36) Importer(815301076,1909f56bfc062723c751e8b465ee728b)  -> (artifact id: '15d3c0ace9aa08c91ad82660ee867459') in 0.006572 seconds
  Import took 0.014806 seconds .

========================================================================
Received Import Request.
  Time since last request: 0.004218 seconds.
  path: Assets/Scenes/SampleScene/ReflectionProbe-13.exr
  artifactKey: Guid(5b4b9c42474fea44ea71f98dbbbf883a) Importer(815301076,1909f56bfc062723c751e8b465ee728b)
Start importing Assets/Scenes/SampleScene/ReflectionProbe-13.exr using Guid(5b4b9c42474fea44ea71f98dbbbf883a) Importer(815301076,1909f56bfc062723c751e8b465ee728b)  -> (artifact id: '772806ee2e8376221cfc2f33bdc886f4') in 0.044955 seconds
  Import took 0.052591 seconds .

========================================================================
Received Import Request.
  Time since last request: 0.005051 seconds.
  path: Assets/Scenes/SampleScene/ReflectionProbe-11.exr
  artifactKey: Guid(1b5727504ffe4b247b09ed4502ffc116) Importer(815301076,1909f56bfc062723c751e8b465ee728b)
Start importing Assets/Scenes/SampleScene/ReflectionProbe-11.exr using Guid(1b5727504ffe4b247b09ed4502ffc116) Importer(815301076,1909f56bfc062723c751e8b465ee728b)  -> (artifact id: '84957ac4a46767658d58a64274cde8dc') in 0.043855 seconds
  Import took 0.051253 seconds .

========================================================================
Received Import Request.
  Time since last request: 0.003557 seconds.
  path: Assets/Scenes/SampleScene/ReflectionProbe-7.exr
  artifactKey: Guid(db9a1847f2c6ae34c9ec4947ce906bc9) Importer(815301076,1909f56bfc062723c751e8b465ee728b)
Start importing Assets/Scenes/SampleScene/ReflectionProbe-7.exr using Guid(db9a1847f2c6ae34c9ec4947ce906bc9) Importer(815301076,1909f56bfc062723c751e8b465ee728b)  -> (artifact id: '02319814c4f05bb27e2a1a4ebc599566') in 0.037542 seconds
  Import took 0.044588 seconds .

========================================================================
Received Import Request.
  Time since last request: 0.004128 seconds.
  path: Assets/Scenes/SampleScene/Lightmap-2_comp_dir.png
  artifactKey: Guid(d0e945dd6a89edd408f301b839717f0a) Importer(815301076,1909f56bfc062723c751e8b465ee728b)
Start importing Assets/Scenes/SampleScene/Lightmap-2_comp_dir.png using Guid(d0e945dd6a89edd408f301b839717f0a) Importer(815301076,1909f56bfc062723c751e8b465ee728b)  -> (artifact id: 'e2ba34ad1fb8b9d9950e70de04d6159b') in 0.024284 seconds
  Import took 0.032260 seconds .

========================================================================
Received Import Request.
  Time since last request: 0.003381 seconds.
  path: Assets/Scenes/SampleScene/ReflectionProbe-5.exr
  artifactKey: Guid(84decc14d3cf01c45ad713670f164cb6) Importer(815301076,1909f56bfc062723c751e8b465ee728b)
Start importing Assets/Scenes/SampleScene/ReflectionProbe-5.exr using Guid(84decc14d3cf01c45ad713670f164cb6) Importer(815301076,1909f56bfc062723c751e8b465ee728b)  -> (artifact id: '10d3fed789cacdf84884eb9c5f932271') in 0.039146 seconds
  Import took 0.046784 seconds .

========================================================================
Received Import Request.
  Time since last request: 0.004255 seconds.
  path: Assets/Scenes/SampleScene/ReflectionProbe-17.exr
  artifactKey: Guid(dbcc65bcafce7e043ac894a6ee6114a2) Importer(815301076,1909f56bfc062723c751e8b465ee728b)
Start importing Assets/Scenes/SampleScene/ReflectionProbe-17.exr using Guid(dbcc65bcafce7e043ac894a6ee6114a2) Importer(815301076,1909f56bfc062723c751e8b465ee728b)  -> (artifact id: 'bf32e460cd09c15a9197d08c19cd24f6') in 0.043927 seconds
  Import took 0.052290 seconds .

========================================================================
Received Import Request.
  Time since last request: 0.004159 seconds.
  path: Assets/Scenes/SampleScene/ReflectionProbe-15.exr
  artifactKey: Guid(d618aadf2e4bb7f4980187df5bb35a33) Importer(815301076,1909f56bfc062723c751e8b465ee728b)
Start importing Assets/Scenes/SampleScene/ReflectionProbe-15.exr using Guid(d618aadf2e4bb7f4980187df5bb35a33) Importer(815301076,1909f56bfc062723c751e8b465ee728b)  -> (artifact id: '58e9c51f166049ea84fc931a5a777b8d') in 0.040280 seconds
  Import took 0.047573 seconds .

========================================================================
Received Import Request.
  Time since last request: 0.004456 seconds.
  path: Assets/Scenes/SampleScene/ReflectionProbe-1.exr
  artifactKey: Guid(c3c78b54f15d2fa4cb5ce7168bfcd968) Importer(815301076,1909f56bfc062723c751e8b465ee728b)
Start importing Assets/Scenes/SampleScene/ReflectionProbe-1.exr using Guid(c3c78b54f15d2fa4cb5ce7168bfcd968) Importer(815301076,1909f56bfc062723c751e8b465ee728b)  -> (artifact id: 'bc25d159870ff5bd204d323e170e20df') in 0.042411 seconds
  Import took 0.050471 seconds .

========================================================================
Received Import Request.
  Time since last request: 0.003569 seconds.
  path: Assets/Scenes/SampleScene/ReflectionProbe-10.exr
  artifactKey: Guid(0b0c990f63a874c4fbeadb86375b8fc8) Importer(815301076,1909f56bfc062723c751e8b465ee728b)
Start importing Assets/Scenes/SampleScene/ReflectionProbe-10.exr using Guid(0b0c990f63a874c4fbeadb86375b8fc8) Importer(815301076,1909f56bfc062723c751e8b465ee728b)  -> (artifact id: 'd1d98bdff6f6f61bee808723e4e76708') in 0.043913 seconds
  Import took 0.051855 seconds .

========================================================================
Received Import Request.
  Time since last request: 0.003491 seconds.
  path: Assets/Scenes/SampleScene/ReflectionProbe-14.exr
  artifactKey: Guid(ca4b1069cf1d52643a18ad7e7c7d0397) Importer(815301076,1909f56bfc062723c751e8b465ee728b)
Start importing Assets/Scenes/SampleScene/ReflectionProbe-14.exr using Guid(ca4b1069cf1d52643a18ad7e7c7d0397) Importer(815301076,1909f56bfc062723c751e8b465ee728b)  -> (artifact id: '9323841410fcda9596d30c914dd5714d') in 0.039247 seconds
  Import took 0.047070 seconds .

========================================================================
Received Import Request.
  Time since last request: 0.004422 seconds.
  path: Assets/Scenes/SampleScene/ReflectionProbe-4.exr
  artifactKey: Guid(a4fc011afaed10c45914eeba07d87322) Importer(815301076,1909f56bfc062723c751e8b465ee728b)
Start importing Assets/Scenes/SampleScene/ReflectionProbe-4.exr using Guid(a4fc011afaed10c45914eeba07d87322) Importer(815301076,1909f56bfc062723c751e8b465ee728b)  -> (artifact id: 'c084c2c42f0eabec7a8d84f632394ce1') in 0.038885 seconds
  Import took 0.048099 seconds .

========================================================================
Received Import Request.
  Time since last request: 0.003876 seconds.
  path: Assets/Scenes/SampleScene/Lightmap-6_comp_light.exr
  artifactKey: Guid(aff1b928f2ba59646843323bbb7019c0) Importer(815301076,1909f56bfc062723c751e8b465ee728b)
Start importing Assets/Scenes/SampleScene/Lightmap-6_comp_light.exr using Guid(aff1b928f2ba59646843323bbb7019c0) Importer(815301076,1909f56bfc062723c751e8b465ee728b)  -> (artifact id: '464a51e21e927ba5c0dde45b7b5bb80f') in 0.016628 seconds
  Import took 0.024727 seconds .

========================================================================
Received Import Request.
  Time since last request: 0.003773 seconds.
  path: Assets/Scenes/SampleScene/ReflectionProbe-0.exr
  artifactKey: Guid(db58c93c38fdd1c4cb45888d582f7a18) Importer(815301076,1909f56bfc062723c751e8b465ee728b)
Start importing Assets/Scenes/SampleScene/ReflectionProbe-0.exr using Guid(db58c93c38fdd1c4cb45888d582f7a18) Importer(815301076,1909f56bfc062723c751e8b465ee728b)  -> (artifact id: '8f1a51cd37a9e57f3863c4aa3481ab27') in 0.042378 seconds
  Import took 0.050214 seconds .

========================================================================
Received Import Request.
  Time since last request: 0.004416 seconds.
  path: Assets/Scenes/SampleScene/Lightmap-4_comp_dir.png
  artifactKey: Guid(5f42fa2a722ac20489856b05039dee64) Importer(815301076,1909f56bfc062723c751e8b465ee728b)
Start importing Assets/Scenes/SampleScene/Lightmap-4_comp_dir.png using Guid(5f42fa2a722ac20489856b05039dee64) Importer(815301076,1909f56bfc062723c751e8b465ee728b)  -> (artifact id: '136ea632fa0d35d7a4d44c9ce712ef18') in 0.014832 seconds
  Import took 0.022876 seconds .

========================================================================
Received Import Request.
  Time since last request: 0.004241 seconds.
  path: Assets/Scenes/SampleScene/ReflectionProbe-16.exr
  artifactKey: Guid(88fccc25d08980c48afb6996a4818e81) Importer(815301076,1909f56bfc062723c751e8b465ee728b)
Start importing Assets/Scenes/SampleScene/ReflectionProbe-16.exr using Guid(88fccc25d08980c48afb6996a4818e81) Importer(815301076,1909f56bfc062723c751e8b465ee728b)  -> (artifact id: '195684ed43c0fe7f780730583356ee3b') in 0.037726 seconds
  Import took 0.046150 seconds .

========================================================================
Received Import Request.
  Time since last request: 0.004214 seconds.
  path: Assets/Scenes/SampleScene/Lightmap-1_comp_light.exr
  artifactKey: Guid(d65881cd9a18b2d468ffa8cd3872247c) Importer(815301076,1909f56bfc062723c751e8b465ee728b)
Start importing Assets/Scenes/SampleScene/Lightmap-1_comp_light.exr using Guid(d65881cd9a18b2d468ffa8cd3872247c) Importer(815301076,1909f56bfc062723c751e8b465ee728b)  -> (artifact id: '18acbe57ef6431e26ef26d0faef4d350') in 0.015824 seconds
  Import took 0.023746 seconds .

========================================================================
Received Import Request.
  Time since last request: 0.004327 seconds.
  path: Assets/Scenes/SampleScene/Lightmap-3_comp_dir.png
  artifactKey: Guid(1303668a41ce5dc48b7bf699c4148df2) Importer(815301076,1909f56bfc062723c751e8b465ee728b)
Start importing Assets/Scenes/SampleScene/Lightmap-3_comp_dir.png using Guid(1303668a41ce5dc48b7bf699c4148df2) Importer(815301076,1909f56bfc062723c751e8b465ee728b)  -> (artifact id: 'd66a4883b5f43f3d75ad46e04bf94e77') in 0.015560 seconds
  Import took 0.023359 seconds .

========================================================================
Received Import Request.
  Time since last request: 0.004227 seconds.
  path: Assets/Scenes/SampleScene/Lightmap-6_comp_dir.png
  artifactKey: Guid(a5228ee1051068b4f9e5fae8b301a8e4) Importer(815301076,1909f56bfc062723c751e8b465ee728b)
Start importing Assets/Scenes/SampleScene/Lightmap-6_comp_dir.png using Guid(a5228ee1051068b4f9e5fae8b301a8e4) Importer(815301076,1909f56bfc062723c751e8b465ee728b)  -> (artifact id: 'd150b1cc03c29ebb3e62506d26f278d6') in 0.013164 seconds
  Import took 0.021041 seconds .

========================================================================
Received Import Request.
  Time since last request: 0.004285 seconds.
  path: Assets/Scenes/SampleScene/Lightmap-1_comp_dir.png
  artifactKey: Guid(c78a7ef4ffd053e45986df6776d18a37) Importer(815301076,1909f56bfc062723c751e8b465ee728b)
Start importing Assets/Scenes/SampleScene/Lightmap-1_comp_dir.png using Guid(c78a7ef4ffd053e45986df6776d18a37) Importer(815301076,1909f56bfc062723c751e8b465ee728b)  -> (artifact id: '0ad6d065a32f93751a97a3fe05cb8760') in 0.023108 seconds
  Import took 0.031376 seconds .

========================================================================
Received Import Request.
  Time since last request: 0.004373 seconds.
  path: Assets/Scenes/SampleScene/Lightmap-5_comp_light.exr
  artifactKey: Guid(e573b21707060b24db27d4ae41235d98) Importer(815301076,1909f56bfc062723c751e8b465ee728b)
Start importing Assets/Scenes/SampleScene/Lightmap-5_comp_light.exr using Guid(e573b21707060b24db27d4ae41235d98) Importer(815301076,1909f56bfc062723c751e8b465ee728b)  -> (artifact id: 'faaf47c016dcbbcd82aa61eec5b2d56e') in 0.017643 seconds
  Import took 0.026297 seconds .

========================================================================
Received Import Request.
  Time since last request: 0.004295 seconds.
  path: Assets/Scenes/SampleScene/ReflectionProbe-6.exr
  artifactKey: Guid(bcc5d397b6334c64dab068d6bb859803) Importer(815301076,1909f56bfc062723c751e8b465ee728b)
Start importing Assets/Scenes/SampleScene/ReflectionProbe-6.exr using Guid(bcc5d397b6334c64dab068d6bb859803) Importer(815301076,1909f56bfc062723c751e8b465ee728b)  -> (artifact id: 'ceca10e910ac67e28c8595df6b641a7d') in 0.040090 seconds
  Import took 0.048441 seconds .

========================================================================
Received Import Request.
  Time since last request: 0.003993 seconds.
  path: Assets/Scenes/SampleScene/Lightmap-4_comp_light.exr
  artifactKey: Guid(1a271bbc6f1485d4bad5874ca8455069) Importer(815301076,1909f56bfc062723c751e8b465ee728b)
Start importing Assets/Scenes/SampleScene/Lightmap-4_comp_light.exr using Guid(1a271bbc6f1485d4bad5874ca8455069) Importer(815301076,1909f56bfc062723c751e8b465ee728b)  -> (artifact id: 'ff0f4484d88d6a91e3569d58025bc13b') in 0.013719 seconds
  Import took 0.021998 seconds .

========================================================================
Received Import Request.
  Time since last request: 0.003864 seconds.
  path: Assets/Scenes/SampleScene/ReflectionProbe-12.exr
  artifactKey: Guid(8481e7bae45102c41afa57230dceda46) Importer(815301076,1909f56bfc062723c751e8b465ee728b)
Start importing Assets/Scenes/SampleScene/ReflectionProbe-12.exr using Guid(8481e7bae45102c41afa57230dceda46) Importer(815301076,1909f56bfc062723c751e8b465ee728b)  -> (artifact id: '1d0507992f4382cd81ccb07111f0a126') in 0.039979 seconds
  Import took 0.048934 seconds .

========================================================================
Received Import Request.
  Time since last request: 0.004936 seconds.
  path: Assets/Scenes/SampleScene/Lightmap-5_comp_dir.png
  artifactKey: Guid(12958dd54f1b2f140b49115d3f5e2c81) Importer(815301076,1909f56bfc062723c751e8b465ee728b)
Start importing Assets/Scenes/SampleScene/Lightmap-5_comp_dir.png using Guid(12958dd54f1b2f140b49115d3f5e2c81) Importer(815301076,1909f56bfc062723c751e8b465ee728b)  -> (artifact id: 'ce1abb7505929b18692718671ca6d74a') in 0.016663 seconds
  Import took 0.025784 seconds .

========================================================================
Received Import Request.
  Time since last request: 0.003567 seconds.
  path: Assets/Scenes/SampleScene/ReflectionProbe-8.exr
  artifactKey: Guid(7f20f555bfbdcaa46a2cc1e0075120a5) Importer(815301076,1909f56bfc062723c751e8b465ee728b)
Start importing Assets/Scenes/SampleScene/ReflectionProbe-8.exr using Guid(7f20f555bfbdcaa46a2cc1e0075120a5) Importer(815301076,1909f56bfc062723c751e8b465ee728b)  -> (artifact id: '1ba5f4a64f8c43fcfd9e0bd43877e341') in 0.042845 seconds
  Import took 0.051873 seconds .

========================================================================
Received Import Request.
  Time since last request: 0.003809 seconds.
  path: Assets/Scenes/SampleScene/Lightmap-0_comp_dir.png
  artifactKey: Guid(e79ebf6f6991fea40acf25281ea394e1) Importer(815301076,1909f56bfc062723c751e8b465ee728b)
Start importing Assets/Scenes/SampleScene/Lightmap-0_comp_dir.png using Guid(e79ebf6f6991fea40acf25281ea394e1) Importer(815301076,1909f56bfc062723c751e8b465ee728b)  -> (artifact id: '9bd68cfd86b420714ffd553f89fac667') in 0.014748 seconds
  Import took 0.023349 seconds .

========================================================================
Received Import Request.
  Time since last request: 0.004518 seconds.
  path: Assets/Scenes/SampleScene/Lightmap-0_comp_light.exr
  artifactKey: Guid(4bdbbe899c5dc0e4a89ae2694443559e) Importer(815301076,1909f56bfc062723c751e8b465ee728b)
Start importing Assets/Scenes/SampleScene/Lightmap-0_comp_light.exr using Guid(4bdbbe899c5dc0e4a89ae2694443559e) Importer(815301076,1909f56bfc062723c751e8b465ee728b)  -> (artifact id: '8048d858ecfccdec6eae67bf4b682e38') in 0.015508 seconds
  Import took 0.024061 seconds .

========================================================================
Received Import Request.
  Time since last request: 0.004638 seconds.
  path: Assets/Scenes/SampleScene/Lightmap-2_comp_light.exr
  artifactKey: Guid(d9af58f1eb18cb041a4746c89ce3eefc) Importer(815301076,1909f56bfc062723c751e8b465ee728b)
Start importing Assets/Scenes/SampleScene/Lightmap-2_comp_light.exr using Guid(d9af58f1eb18cb041a4746c89ce3eefc) Importer(815301076,1909f56bfc062723c751e8b465ee728b)  -> (artifact id: 'a4b8c948dfe1c759fe440bbed5e64cfb') in 0.015617 seconds
  Import took 0.023770 seconds .

========================================================================
Received Import Request.
  Time since last request: 0.005304 seconds.
  path: Assets/Scenes/SampleScene/ReflectionProbe-2.exr
  artifactKey: Guid(905a1f2fe6a20fe4d8acced09169fea6) Importer(815301076,1909f56bfc062723c751e8b465ee728b)
Start importing Assets/Scenes/SampleScene/ReflectionProbe-2.exr using Guid(905a1f2fe6a20fe4d8acced09169fea6) Importer(815301076,1909f56bfc062723c751e8b465ee728b)  -> (artifact id: '64295c73a4792423204666d37f76e3e6') in 0.048731 seconds
  Import took 0.058599 seconds .

========================================================================
Received Import Request.
  Time since last request: 0.004579 seconds.
  path: Assets/Scenes/SampleScene/ReflectionProbe-3.exr
  artifactKey: Guid(d4035d0729cbed243b8628139d0aa2a3) Importer(815301076,1909f56bfc062723c751e8b465ee728b)
Start importing Assets/Scenes/SampleScene/ReflectionProbe-3.exr using Guid(d4035d0729cbed243b8628139d0aa2a3) Importer(815301076,1909f56bfc062723c751e8b465ee728b)  -> (artifact id: '9ceef42ac2cdc56c8da8515f8240df97') in 0.043653 seconds
  Import took 0.052680 seconds .

========================================================================
Received Import Request.
  Time since last request: 0.004447 seconds.
  path: Assets/Scenes/SampleScene/Lightmap-3_comp_light.exr
  artifactKey: Guid(963c286bbf748a6439786c5cdb5206f2) Importer(815301076,1909f56bfc062723c751e8b465ee728b)
Start importing Assets/Scenes/SampleScene/Lightmap-3_comp_light.exr using Guid(963c286bbf748a6439786c5cdb5206f2) Importer(815301076,1909f56bfc062723c751e8b465ee728b)  -> (artifact id: '871aa8defba54dcd63df5e0999b4e5d1') in 0.016792 seconds
  Import took 0.026413 seconds .

========================================================================
Received Import Request.
  Time since last request: 0.005078 seconds.
  path: Assets/Scenes/SampleScene/ReflectionProbe-9.exr
  artifactKey: Guid(f0e7f0a8b752e40488ce09f05f1ac2f2) Importer(815301076,1909f56bfc062723c751e8b465ee728b)
Start importing Assets/Scenes/SampleScene/ReflectionProbe-9.exr using Guid(f0e7f0a8b752e40488ce09f05f1ac2f2) Importer(815301076,1909f56bfc062723c751e8b465ee728b)  -> (artifact id: '8124941b85b819c7c07ed8ea7b09360f') in 0.041211 seconds
  Import took 0.050415 seconds .

========================================================================
Received Import Request.
  Time since last request: 4.186987 seconds.
  path: Assets/Preset/Boundary.prefab
  artifactKey: Guid(e23793ac6135f4a48b9f5b8ec1bcf050) Importer(815301076,1909f56bfc062723c751e8b465ee728b)
Start importing Assets/Preset/Boundary.prefab using Guid(e23793ac6135f4a48b9f5b8ec1bcf050) Importer(815301076,1909f56bfc062723c751e8b465ee728b)  -> (artifact id: '6e82549d85735499bed4639c3144be5e') in 0.050269 seconds
  Import took 0.059004 seconds .

========================================================================
Received Prepare
Registering precompiled user dll's ...
Registered in 0.009012 seconds.
Begin MonoManager ReloadAssembly
Native extension for WindowsStandalone target not found
Refreshing native plugins compatible for Editor in 1.08 ms, found 0 plugins.
Preloading 0 native plugins for Editor in 0.00 ms.
Mono: successfully reloaded assembly
- Completed reload, in  1.331 seconds
Platform modules already initialized, skipping
Refreshing native plugins compatible for Editor in 1.14 ms, found 0 plugins.
Preloading 0 native plugins for Editor in 0.00 ms.
Unloading 4403 Unused Serialized files (Serialized files now loaded: 0)
System memory in use before: 227.7 MB.
System memory in use after: 228.1 MB.

Unloading 19 unused Assets to reduce memory usage. Loaded Objects now: 6528.
Total: 9.038300 ms (FindLiveObjects: 1.345600 ms CreateObjectMapping: 0.217600 ms MarkObjects: 7.321400 ms  DeleteObjects: 0.150900 ms)

========================================================================
Received Import Request.
  Time since last request: 67.698267 seconds.
  path: Assets/FloorController.cs
  artifactKey: Guid(fe029360766e7cf48b15ba13cb7b53ad) Importer(815301076,1909f56bfc062723c751e8b465ee728b)
Start importing Assets/FloorController.cs using Guid(fe029360766e7cf48b15ba13cb7b53ad) Importer(815301076,1909f56bfc062723c751e8b465ee728b)  -> (artifact id: '214f48d5cdd1113b49bd73e1048bf40d') in 0.017845 seconds
  Import took 0.031453 seconds .

========================================================================
Received Import Request.
  Time since last request: 0.430628 seconds.
  path: Assets/FloorController.cs
  artifactKey: Guid(fe029360766e7cf48b15ba13cb7b53ad) Importer(815301076,1909f56bfc062723c751e8b465ee728b)
Start importing Assets/FloorController.cs using Guid(fe029360766e7cf48b15ba13cb7b53ad) Importer(815301076,1909f56bfc062723c751e8b465ee728b)  -> (artifact id: '214f48d5cdd1113b49bd73e1048bf40d') in 0.005358 seconds
  Import took 0.015020 seconds .

========================================================================
Received Import Request.
  Time since last request: 36.186081 seconds.
  path: Assets/BundleResources/Scene/Chapter03_Buggy01.unity
  artifactKey: Guid(21dc0b1225f506246bf077af76c01b69) Importer(815301076,1909f56bfc062723c751e8b465ee728b)
Start importing Assets/BundleResources/Scene/Chapter03_Buggy01.unity using Guid(21dc0b1225f506246bf077af76c01b69) Importer(815301076,1909f56bfc062723c751e8b465ee728b)  -> (artifact id: '8a98ad6e56bcb38003e3f578c1c94caf') in 0.012986 seconds
  Import took 0.020637 seconds .

========================================================================
Received Prepare
Registering precompiled user dll's ...
Registered in 0.008454 seconds.
Begin MonoManager ReloadAssembly
Native extension for WindowsStandalone target not found
Refreshing native plugins compatible for Editor in 1.25 ms, found 0 plugins.
Preloading 0 native plugins for Editor in 0.00 ms.
Mono: successfully reloaded assembly
- Completed reload, in  1.297 seconds
Platform modules already initialized, skipping
Refreshing native plugins compatible for Editor in 1.61 ms, found 0 plugins.
Preloading 0 native plugins for Editor in 0.00 ms.
Unloading 4403 Unused Serialized files (Serialized files now loaded: 0)
System memory in use before: 227.7 MB.
System memory in use after: 228.1 MB.

Unloading 19 unused Assets to reduce memory usage. Loaded Objects now: 6533.
Total: 5.229700 ms (FindLiveObjects: 1.348100 ms CreateObjectMapping: 0.339800 ms MarkObjects: 3.456900 ms  DeleteObjects: 0.081700 ms)

========================================================================
Received Prepare
Refreshing native plugins compatible for Editor in 7.55 ms, found 0 plugins.
Preloading 0 native plugins for Editor in 0.00 ms.
Unloading 15 Unused Serialized files (Serialized files now loaded: 0)
System memory in use before: 141.1 MB.
System memory in use after: 141.5 MB.

Unloading 15 unused Assets to reduce memory usage. Loaded Objects now: 6533.
Total: 4.498900 ms (FindLiveObjects: 0.793000 ms CreateObjectMapping: 0.132300 ms MarkObjects: 3.485500 ms  DeleteObjects: 0.086700 ms)

========================================================================
Received Prepare
Registering precompiled user dll's ...
Registered in 0.010166 seconds.
Begin MonoManager ReloadAssembly
Native extension for WindowsStandalone target not found
Refreshing native plugins compatible for Editor in 1.12 ms, found 0 plugins.
Preloading 0 native plugins for Editor in 0.00 ms.
Mono: successfully reloaded assembly
- Completed reload, in  1.556 seconds
Platform modules already initialized, skipping
Refreshing native plugins compatible for Editor in 1.31 ms, found 0 plugins.
Preloading 0 native plugins for Editor in 0.00 ms.
Unloading 4403 Unused Serialized files (Serialized files now loaded: 0)
System memory in use before: 227.7 MB.
System memory in use after: 228.1 MB.

Unloading 19 unused Assets to reduce memory usage. Loaded Objects now: 6538.
Total: 5.427900 ms (FindLiveObjects: 0.903100 ms CreateObjectMapping: 0.148500 ms MarkObjects: 4.267200 ms  DeleteObjects: 0.108000 ms)

========================================================================
Received Prepare
Registering precompiled user dll's ...
Registered in 0.009548 seconds.
Begin MonoManager ReloadAssembly
Native extension for WindowsStandalone target not found
Refreshing native plugins compatible for Editor in 1.21 ms, found 0 plugins.
Preloading 0 native plugins for Editor in 0.00 ms.
Mono: successfully reloaded assembly
- Completed reload, in  1.483 seconds
Platform modules already initialized, skipping
Refreshing native plugins compatible for Editor in 1.77 ms, found 0 plugins.
Preloading 0 native plugins for Editor in 0.00 ms.
Unloading 4403 Unused Serialized files (Serialized files now loaded: 0)
System memory in use before: 227.7 MB.
System memory in use after: 228.2 MB.

Unloading 19 unused Assets to reduce memory usage. Loaded Objects now: 6543.
Total: 5.776000 ms (FindLiveObjects: 1.479500 ms CreateObjectMapping: 0.175300 ms MarkObjects: 4.032300 ms  DeleteObjects: 0.087400 ms)

========================================================================
Received Prepare
Registering precompiled user dll's ...
Registered in 0.008719 seconds.
Begin MonoManager ReloadAssembly
Native extension for WindowsStandalone target not found
Refreshing native plugins compatible for Editor in 1.10 ms, found 0 plugins.
Preloading 0 native plugins for Editor in 0.00 ms.
Mono: successfully reloaded assembly
- Completed reload, in  1.363 seconds
Platform modules already initialized, skipping
Refreshing native plugins compatible for Editor in 1.13 ms, found 0 plugins.
Preloading 0 native plugins for Editor in 0.00 ms.
Unloading 4403 Unused Serialized files (Serialized files now loaded: 0)
System memory in use before: 227.5 MB.
System memory in use after: 228.0 MB.

Unloading 19 unused Assets to reduce memory usage. Loaded Objects now: 6548.
Total: 5.165400 ms (FindLiveObjects: 0.802100 ms CreateObjectMapping: 0.444400 ms MarkObjects: 3.835800 ms  DeleteObjects: 0.081200 ms)

========================================================================
Received Prepare
Registering precompiled user dll's ...
Registered in 0.009097 seconds.
Begin MonoManager ReloadAssembly
Native extension for WindowsStandalone target not found
Refreshing native plugins compatible for Editor in 1.05 ms, found 0 plugins.
Preloading 0 native plugins for Editor in 0.00 ms.
Mono: successfully reloaded assembly
- Completed reload, in  1.297 seconds
Platform modules already initialized, skipping
Refreshing native plugins compatible for Editor in 1.10 ms, found 0 plugins.
Preloading 0 native plugins for Editor in 0.00 ms.
Unloading 4403 Unused Serialized files (Serialized files now loaded: 0)
System memory in use before: 227.7 MB.
System memory in use after: 228.2 MB.

Unloading 19 unused Assets to reduce memory usage. Loaded Objects now: 6553.
Total: 4.573100 ms (FindLiveObjects: 0.818800 ms CreateObjectMapping: 0.174500 ms MarkObjects: 3.493300 ms  DeleteObjects: 0.085400 ms)

========================================================================
Received Prepare
Registering precompiled user dll's ...
Registered in 0.009691 seconds.
Begin MonoManager ReloadAssembly
Native extension for WindowsStandalone target not found
Refreshing native plugins compatible for Editor in 1.89 ms, found 0 plugins.
Preloading 0 native plugins for Editor in 0.00 ms.
Mono: successfully reloaded assembly
- Completed reload, in  1.432 seconds
Platform modules already initialized, skipping
Refreshing native plugins compatible for Editor in 1.09 ms, found 0 plugins.
Preloading 0 native plugins for Editor in 0.00 ms.
Unloading 4403 Unused Serialized files (Serialized files now loaded: 0)
System memory in use before: 227.7 MB.
System memory in use after: 228.2 MB.

Unloading 19 unused Assets to reduce memory usage. Loaded Objects now: 6558.
Total: 5.786200 ms (FindLiveObjects: 1.490000 ms CreateObjectMapping: 0.328600 ms MarkObjects: 3.863700 ms  DeleteObjects: 0.102300 ms)

AssetImportWorkerClient::OnTransportError - code=2 error=End of file
